<?xml version="1.0" encoding="UTF-8"?>
<coverage generated="1694615945620" clover="3.2.0">
  <project timestamp="1694615945620" name="All files">
    <metrics statements="204" coveredstatements="180" conditionals="50" coveredconditionals="42" methods="107" coveredmethods="86" elements="361" coveredelements="308" complexity="0" loc="204" ncloc="204" packages="1" files="5" classes="5"/>
    <file name="BlockChain.js" path="C:\Users\Mariela Mascelloni\Desktop\Practico\clases\BlockChain.js">
      <metrics statements="21" coveredstatements="20" conditionals="4" coveredconditionals="4" methods="10" coveredmethods="8"/>
      <line num="3" count="4" type="stmt"/>
      <line num="15" count="39" type="stmt"/>
      <line num="16" count="39" type="stmt"/>
      <line num="17" count="39" type="stmt"/>
      <line num="22" count="11" type="stmt"/>
      <line num="23" count="11" type="cond" truecount="2" falsecount="0"/>
      <line num="24" count="2" type="stmt"/>
      <line num="26" count="9" type="stmt"/>
      <line num="32" count="389" type="stmt"/>
      <line num="33" count="389" type="cond" truecount="2" falsecount="0"/>
      <line num="34" count="109" type="stmt"/>
      <line num="35" count="109" type="stmt"/>
      <line num="37" count="280" type="stmt"/>
      <line num="38" count="280" type="stmt"/>
      <line num="39" count="389" type="stmt"/>
      <line num="42" count="1" type="stmt"/>
      <line num="46" count="31" type="stmt"/>
      <line num="51" count="14" type="stmt"/>
      <line num="55" count="14" type="stmt"/>
      <line num="62" count="0" type="stmt"/>
      <line num="67" count="30" type="stmt"/>
    </file>
    <file name="Bloque.js" path="C:\Users\Mariela Mascelloni\Desktop\Practico\clases\Bloque.js">
      <metrics statements="24" coveredstatements="23" conditionals="0" coveredconditionals="0" methods="16" coveredmethods="15"/>
      <line num="10" count="23" type="stmt"/>
      <line num="11" count="23" type="stmt"/>
      <line num="12" count="23" type="stmt"/>
      <line num="13" count="23" type="stmt"/>
      <line num="14" count="23" type="stmt"/>
      <line num="18" count="16" type="stmt"/>
      <line num="20" count="16" type="stmt"/>
      <line num="23" count="16" type="stmt"/>
      <line num="25" count="16" type="stmt"/>
      <line num="27" count="184" type="stmt"/>
      <line num="30" count="16" type="stmt"/>
      <line num="33" count="16" type="stmt"/>
      <line num="36" count="16" type="stmt"/>
      <line num="39" count="182" type="stmt"/>
      <line num="42" count="182" type="stmt"/>
      <line num="46" count="182" type="stmt"/>
      <line num="50" count="16" type="stmt"/>
      <line num="51" count="160" type="stmt"/>
      <line num="52" count="16" type="stmt"/>
      <line num="53" count="16" type="stmt"/>
      <line num="54" count="16" type="stmt"/>
      <line num="58" count="0" type="stmt"/>
      <line num="64" count="182" type="stmt"/>
      <line num="65" count="182" type="stmt"/>
    </file>
    <file name="EstrategiaHashAbstracta.js" path="C:\Users\Mariela Mascelloni\Desktop\Practico\clases\EstrategiaHashAbstracta.js">
      <metrics statements="7" coveredstatements="7" conditionals="0" coveredconditionals="0" methods="8" coveredmethods="5"/>
      <line num="5" count="389" type="stmt"/>
      <line num="17" count="109" type="stmt"/>
      <line num="20" count="109" type="stmt"/>
      <line num="21" count="109" type="stmt"/>
      <line num="28" count="280" type="stmt"/>
      <line num="30" count="280" type="stmt"/>
      <line num="31" count="280" type="stmt"/>
    </file>
    <file name="Nodo.js" path="C:\Users\Mariela Mascelloni\Desktop\Practico\clases\Nodo.js">
      <metrics statements="77" coveredstatements="64" conditionals="14" coveredconditionals="7" methods="33" coveredmethods="26"/>
      <line num="11" count="12" type="stmt"/>
      <line num="12" count="12" type="stmt"/>
      <line num="13" count="12" type="stmt"/>
      <line num="14" count="12" type="stmt"/>
      <line num="17" count="373" type="stmt"/>
      <line num="21" count="62" type="stmt"/>
      <line num="24" count="0" type="stmt"/>
      <line num="27" count="16" type="stmt"/>
      <line num="30" count="0" type="stmt"/>
      <line num="33" count="18" type="stmt"/>
      <line num="36" count="5" type="stmt"/>
      <line num="39" count="0" type="stmt"/>
      <line num="43" count="2" type="stmt"/>
      <line num="44" count="2" type="stmt"/>
      <line num="45" count="2" type="stmt"/>
      <line num="46" count="2" type="stmt"/>
      <line num="50" count="12" type="stmt"/>
      <line num="51" count="12" type="stmt"/>
      <line num="56" count="186" type="stmt"/>
      <line num="57" count="186" type="stmt"/>
      <line num="58" count="186" type="stmt"/>
      <line num="59" count="186" type="stmt"/>
      <line num="65" count="2" type="stmt"/>
      <line num="69" count="16" type="cond" truecount="2" falsecount="0"/>
      <line num="70" count="14" type="stmt"/>
      <line num="71" count="14" type="stmt"/>
      <line num="72" count="14" type="cond" truecount="2" falsecount="0"/>
      <line num="73" count="3" type="stmt"/>
      <line num="76" count="2" type="stmt"/>
      <line num="83" count="11" type="stmt"/>
      <line num="86" count="16" type="stmt"/>
      <line num="90" count="182" type="cond" truecount="2" falsecount="0"/>
      <line num="91" count="16" type="stmt"/>
      <line num="93" count="16" type="stmt"/>
      <line num="94" count="16" type="stmt"/>
      <line num="95" count="16" type="stmt"/>
      <line num="97" count="16" type="stmt"/>
      <line num="98" count="16" type="stmt"/>
      <line num="99" count="16" type="stmt"/>
      <line num="102" count="16" type="stmt"/>
      <line num="105" count="166" type="stmt"/>
      <line num="106" count="166" type="stmt"/>
      <line num="117" count="185" type="stmt"/>
      <line num="118" count="185" type="stmt"/>
      <line num="123" count="0" type="stmt"/>
      <line num="124" count="0" type="cond" truecount="0" falsecount="2"/>
      <line num="125" count="0" type="stmt"/>
      <line num="127" count="0" type="stmt"/>
      <line num="131" count="0" type="cond" truecount="0" falsecount="2"/>
      <line num="132" count="0" type="stmt"/>
      <line num="139" count="0" type="cond" truecount="0" falsecount="2"/>
      <line num="140" count="0" type="stmt"/>
      <line num="141" count="0" type="stmt"/>
      <line num="144" count="0" type="stmt"/>
      <line num="150" count="16" type="stmt"/>
      <line num="155" count="16" type="stmt"/>
      <line num="161" count="16" type="stmt"/>
      <line num="162" count="16" type="stmt"/>
      <line num="170" count="1" type="stmt"/>
      <line num="171" count="1" type="stmt"/>
      <line num="172" count="1" type="cond" truecount="1" falsecount="1"/>
      <line num="173" count="1" type="stmt"/>
      <line num="176" count="1" type="stmt"/>
      <line num="180" count="60" type="stmt"/>
      <line num="184" count="60" type="stmt"/>
      <line num="188" count="60" type="stmt"/>
      <line num="192" count="60" type="stmt"/>
      <line num="198" count="187" type="stmt"/>
      <line num="199" count="187" type="stmt"/>
      <line num="200" count="187" type="stmt"/>
      <line num="201" count="187" type="stmt"/>
      <line num="202" count="2244" type="stmt"/>
      <line num="204" count="187" type="stmt"/>
      <line num="208" count="60" type="stmt"/>
      <line num="209" count="60" type="stmt"/>
      <line num="210" count="60" type="stmt"/>
      <line num="211" count="60" type="stmt"/>
    </file>
    <file name="Transaccion.js" path="C:\Users\Mariela Mascelloni\Desktop\Practico\clases\Transaccion.js">
      <metrics statements="75" coveredstatements="66" conditionals="32" coveredconditionals="31" methods="40" coveredmethods="32"/>
      <line num="5" count="3" type="stmt"/>
      <line num="10" count="200" type="stmt"/>
      <line num="14" count="0" type="stmt"/>
      <line num="15" count="0" type="stmt"/>
      <line num="18" count="0" type="stmt"/>
      <line num="21" count="188" type="stmt"/>
      <line num="24" count="2" type="stmt"/>
      <line num="27" count="188" type="stmt"/>
      <line num="30" count="186" type="stmt"/>
      <line num="33" count="564" type="stmt"/>
      <line num="34" count="564" type="stmt"/>
      <line num="37" count="553" type="stmt"/>
      <line num="41" count="184" type="stmt"/>
      <line num="42" count="184" type="cond" truecount="4" falsecount="0"/>
      <line num="46" count="182" type="stmt"/>
      <line num="47" count="182" type="cond" truecount="4" falsecount="0"/>
      <line num="52" count="185" type="stmt"/>
      <line num="53" count="185" type="cond" truecount="3" falsecount="0"/>
      <line num="57" count="2" type="stmt"/>
      <line num="58" count="2" type="cond" truecount="5" falsecount="0"/>
      <line num="68" count="185" type="stmt"/>
      <line num="69" count="185" type="cond" truecount="2" falsecount="0"/>
      <line num="71" count="182" type="stmt"/>
      <line num="72" count="182" type="stmt"/>
      <line num="73" count="182" type="stmt"/>
      <line num="74" count="182" type="stmt"/>
      <line num="75" count="182" type="cond" truecount="4" falsecount="0"/>
      <line num="77" count="3" type="cond" truecount="2" falsecount="0"/>
      <line num="78" count="1" type="stmt"/>
      <line num="79" count="1" type="stmt"/>
      <line num="81" count="2" type="cond" truecount="1" falsecount="1"/>
      <line num="82" count="2" type="stmt"/>
      <line num="83" count="2" type="stmt"/>
      <line num="84" count="2" type="stmt"/>
      <line num="85" count="2" type="stmt"/>
      <line num="86" count="2" type="cond" truecount="4" falsecount="0"/>
      <line num="94" count="12" type="stmt"/>
      <line num="95" count="12" type="stmt"/>
      <line num="96" count="12" type="stmt"/>
      <line num="97" count="12" type="stmt"/>
      <line num="101" count="16" type="stmt"/>
      <line num="102" count="16" type="cond" truecount="2" falsecount="0"/>
      <line num="103" count="10" type="stmt"/>
      <line num="107" count="10" type="stmt"/>
      <line num="111" count="0" type="stmt"/>
      <line num="116" count="10" type="stmt"/>
      <line num="120" count="0" type="stmt"/>
      <line num="124" count="2" type="stmt"/>
      <line num="132" count="1" type="stmt"/>
      <line num="139" count="188" type="stmt"/>
      <line num="140" count="188" type="stmt"/>
      <line num="141" count="188" type="stmt"/>
      <line num="142" count="188" type="stmt"/>
      <line num="143" count="188" type="stmt"/>
      <line num="147" count="0" type="stmt"/>
      <line num="152" count="0" type="stmt"/>
      <line num="153" count="0" type="stmt"/>
      <line num="157" count="188" type="stmt"/>
      <line num="161" count="247" type="stmt"/>
      <line num="164" count="245" type="stmt"/>
      <line num="167" count="344" type="stmt"/>
      <line num="170" count="0" type="stmt"/>
      <line num="173" count="2" type="stmt"/>
      <line num="177" count="60" type="stmt"/>
      <line num="181" count="6" type="stmt"/>
      <line num="189" count="2" type="stmt"/>
      <line num="190" count="2" type="stmt"/>
      <line num="191" count="2" type="stmt"/>
      <line num="195" count="2" type="stmt"/>
      <line num="204" count="186" type="stmt"/>
      <line num="205" count="186" type="stmt"/>
      <line num="206" count="186" type="stmt"/>
      <line num="209" count="183" type="stmt"/>
      <line num="212" count="183" type="stmt"/>
      <line num="215" count="60" type="stmt"/>
    </file>
  </project>
</coverage>
