<?xml version="1.0" encoding="UTF-8"?>
<coverage generated="1691058153486" clover="3.2.0">
  <project timestamp="1691058153486" name="All files">
    <metrics statements="279" coveredstatements="233" conditionals="80" coveredconditionals="50" methods="103" coveredmethods="80" elements="462" coveredelements="363" complexity="0" loc="279" ncloc="279" packages="2" files="6" classes="6"/>
    <package name="Practico">
      <metrics statements="23" coveredstatements="23" conditionals="14" coveredconditionals="14" methods="10" coveredmethods="10"/>
      <file name="funciones.js" path="C:\Users\Mariela Mascelloni\Desktop\Practico\funciones.js">
        <metrics statements="23" coveredstatements="23" conditionals="14" coveredconditionals="14" methods="10" coveredmethods="10"/>
        <line num="10" count="513" type="stmt"/>
        <line num="11" count="513" type="stmt"/>
        <line num="14" count="559" type="stmt"/>
        <line num="18" count="370" type="stmt"/>
        <line num="19" count="370" type="cond" truecount="4" falsecount="0"/>
        <line num="23" count="187" type="stmt"/>
        <line num="24" count="187" type="cond" truecount="3" falsecount="0"/>
        <line num="28" count="2" type="stmt"/>
        <line num="29" count="2" type="cond" truecount="5" falsecount="0"/>
        <line num="32" count="191" type="stmt"/>
        <line num="35" count="2" type="stmt"/>
        <line num="38" count="320" type="stmt"/>
        <line num="43" count="393" type="cond" truecount="2" falsecount="0"/>
        <line num="44" count="25" type="stmt"/>
        <line num="45" count="25" type="stmt"/>
        <line num="47" count="368" type="stmt"/>
        <line num="48" count="368" type="stmt"/>
        <line num="52" count="189" type="stmt"/>
        <line num="53" count="189" type="stmt"/>
        <line num="54" count="189" type="stmt"/>
        <line num="55" count="189" type="stmt"/>
        <line num="56" count="2268" type="stmt"/>
        <line num="58" count="189" type="stmt"/>
      </file>
    </package>
    <package name="Practico.clases">
      <metrics statements="256" coveredstatements="210" conditionals="66" coveredconditionals="36" methods="93" coveredmethods="70"/>
      <file name="BlockChain.js" path="C:\Users\Mariela Mascelloni\Desktop\Practico\clases\BlockChain.js">
        <metrics statements="21" coveredstatements="20" conditionals="4" coveredconditionals="4" methods="10" coveredmethods="8"/>
        <line num="4" count="3" type="stmt"/>
        <line num="16" count="25" type="stmt"/>
        <line num="17" count="25" type="stmt"/>
        <line num="18" count="25" type="stmt"/>
        <line num="23" count="12" type="stmt"/>
        <line num="24" count="12" type="cond" truecount="2" falsecount="0"/>
        <line num="25" count="4" type="stmt"/>
        <line num="27" count="8" type="stmt"/>
        <line num="33" count="377" type="stmt"/>
        <line num="34" count="377" type="cond" truecount="2" falsecount="0"/>
        <line num="35" count="25" type="stmt"/>
        <line num="36" count="25" type="stmt"/>
        <line num="38" count="352" type="stmt"/>
        <line num="39" count="352" type="stmt"/>
        <line num="40" count="377" type="stmt"/>
        <line num="43" count="1" type="stmt"/>
        <line num="47" count="31" type="stmt"/>
        <line num="52" count="14" type="stmt"/>
        <line num="56" count="14" type="stmt"/>
        <line num="63" count="0" type="stmt"/>
        <line num="68" count="30" type="stmt"/>
      </file>
      <file name="Bloque.js" path="C:\Users\Mariela Mascelloni\Desktop\Practico\clases\Bloque.js">
        <metrics statements="30" coveredstatements="24" conditionals="2" coveredconditionals="1" methods="18" coveredmethods="15"/>
        <line num="9" count="23" type="stmt"/>
        <line num="10" count="23" type="stmt"/>
        <line num="11" count="23" type="stmt"/>
        <line num="12" count="23" type="stmt"/>
        <line num="13" count="23" type="stmt"/>
        <line num="17" count="16" type="stmt"/>
        <line num="19" count="16" type="stmt"/>
        <line num="22" count="16" type="stmt"/>
        <line num="24" count="16" type="stmt"/>
        <line num="26" count="186" type="stmt"/>
        <line num="29" count="16" type="stmt"/>
        <line num="32" count="16" type="stmt"/>
        <line num="35" count="16" type="stmt"/>
        <line num="38" count="184" type="stmt"/>
        <line num="41" count="184" type="stmt"/>
        <line num="45" count="184" type="stmt"/>
        <line num="49" count="16" type="stmt"/>
        <line num="50" count="160" type="stmt"/>
        <line num="51" count="16" type="stmt"/>
        <line num="52" count="16" type="stmt"/>
        <line num="56" count="0" type="stmt"/>
        <line num="62" count="0" type="stmt"/>
        <line num="63" count="0" type="stmt"/>
        <line num="64" count="0" type="stmt"/>
        <line num="69" count="184" type="stmt"/>
        <line num="70" count="184" type="stmt"/>
        <line num="71" count="184" type="stmt"/>
        <line num="72" count="184" type="cond" truecount="1" falsecount="1"/>
        <line num="73" count="0" type="stmt"/>
        <line num="80" count="0" type="stmt"/>
      </file>
      <file name="EstrategiaHashAbstracta.js" path="C:\Users\Mariela Mascelloni\Desktop\Practico\clases\EstrategiaHashAbstracta.js">
        <metrics statements="9" coveredstatements="9" conditionals="0" coveredconditionals="0" methods="8" coveredmethods="5"/>
        <line num="7" count="377" type="stmt"/>
        <line num="19" count="25" type="stmt"/>
        <line num="20" count="25" type="stmt"/>
        <line num="23" count="25" type="stmt"/>
        <line num="24" count="25" type="stmt"/>
        <line num="31" count="352" type="stmt"/>
        <line num="32" count="352" type="stmt"/>
        <line num="34" count="352" type="stmt"/>
        <line num="35" count="352" type="stmt"/>
      </file>
      <file name="Nodo.js" path="C:\Users\Mariela Mascelloni\Desktop\Practico\clases\Nodo.js">
        <metrics statements="84" coveredstatements="72" conditionals="28" coveredconditionals="20" methods="27" coveredmethods="20"/>
        <line num="13" count="13" type="stmt"/>
        <line num="14" count="13" type="stmt"/>
        <line num="15" count="13" type="stmt"/>
        <line num="16" count="13" type="stmt"/>
        <line num="19" count="377" type="stmt"/>
        <line num="23" count="62" type="stmt"/>
        <line num="26" count="0" type="stmt"/>
        <line num="29" count="16" type="stmt"/>
        <line num="32" count="0" type="stmt"/>
        <line num="35" count="18" type="stmt"/>
        <line num="38" count="5" type="stmt"/>
        <line num="41" count="0" type="stmt"/>
        <line num="45" count="2" type="stmt"/>
        <line num="46" count="2" type="stmt"/>
        <line num="52" count="2" type="stmt"/>
        <line num="56" count="3" type="stmt"/>
        <line num="57" count="3" type="stmt"/>
        <line num="58" count="3" type="stmt"/>
        <line num="59" count="3" type="stmt"/>
        <line num="60" count="3" type="stmt"/>
        <line num="65" count="189" type="stmt"/>
        <line num="66" count="189" type="stmt"/>
        <line num="71" count="189" type="stmt"/>
        <line num="77" count="2" type="stmt"/>
        <line num="81" count="16" type="cond" truecount="2" falsecount="0"/>
        <line num="82" count="14" type="stmt"/>
        <line num="83" count="14" type="stmt"/>
        <line num="84" count="14" type="cond" truecount="2" falsecount="0"/>
        <line num="85" count="3" type="stmt"/>
        <line num="88" count="2" type="stmt"/>
        <line num="96" count="12" type="stmt"/>
        <line num="99" count="16" type="stmt"/>
        <line num="103" count="184" type="cond" truecount="2" falsecount="0"/>
        <line num="105" count="16" type="stmt"/>
        <line num="107" count="16" type="stmt"/>
        <line num="108" count="16" type="stmt"/>
        <line num="109" count="16" type="stmt"/>
        <line num="111" count="16" type="stmt"/>
        <line num="112" count="16" type="stmt"/>
        <line num="113" count="16" type="stmt"/>
        <line num="116" count="16" type="stmt"/>
        <line num="119" count="168" type="stmt"/>
        <line num="120" count="168" type="stmt"/>
        <line num="131" count="189" type="stmt"/>
        <line num="132" count="189" type="cond" truecount="2" falsecount="0"/>
        <line num="133" count="184" type="stmt"/>
        <line num="134" count="184" type="stmt"/>
        <line num="135" count="184" type="stmt"/>
        <line num="136" count="184" type="stmt"/>
        <line num="137" count="184" type="stmt"/>
        <line num="138" count="184" type="cond" truecount="4" falsecount="0"/>
        <line num="140" count="5" type="cond" truecount="2" falsecount="0"/>
        <line num="141" count="3" type="stmt"/>
        <line num="142" count="3" type="stmt"/>
        <line num="143" count="3" type="stmt"/>
        <line num="144" count="3" type="stmt"/>
        <line num="145" count="3" type="stmt"/>
        <line num="146" count="3" type="stmt"/>
        <line num="148" count="2" type="cond" truecount="1" falsecount="1"/>
        <line num="149" count="2" type="stmt"/>
        <line num="150" count="2" type="stmt"/>
        <line num="151" count="2" type="stmt"/>
        <line num="152" count="2" type="stmt"/>
        <line num="153" count="2" type="stmt"/>
        <line num="154" count="2" type="cond" truecount="4" falsecount="0"/>
        <line num="160" count="0" type="cond" truecount="0" falsecount="2"/>
        <line num="161" count="0" type="stmt"/>
        <line num="163" count="0" type="stmt"/>
        <line num="167" count="0" type="cond" truecount="0" falsecount="2"/>
        <line num="168" count="0" type="stmt"/>
        <line num="175" count="0" type="cond" truecount="0" falsecount="2"/>
        <line num="176" count="0" type="stmt"/>
        <line num="177" count="0" type="stmt"/>
        <line num="180" count="0" type="stmt"/>
        <line num="186" count="16" type="stmt"/>
        <line num="191" count="16" type="stmt"/>
        <line num="195" count="16" type="stmt"/>
        <line num="196" count="16" type="stmt"/>
        <line num="204" count="1" type="stmt"/>
        <line num="205" count="1" type="stmt"/>
        <line num="206" count="1" type="stmt"/>
        <line num="207" count="1" type="cond" truecount="1" falsecount="1"/>
        <line num="208" count="1" type="stmt"/>
        <line num="211" count="1" type="stmt"/>
      </file>
      <file name="TransaccionAbstracta.js" path="C:\Users\Mariela Mascelloni\Desktop\Practico\clases\TransaccionAbstracta.js">
        <metrics statements="112" coveredstatements="85" conditionals="32" coveredconditionals="11" methods="30" coveredmethods="22"/>
        <line num="8" count="194" type="stmt"/>
        <line num="15" count="0" type="stmt"/>
        <line num="23" count="191" type="stmt"/>
        <line num="24" count="191" type="stmt"/>
        <line num="25" count="191" type="stmt"/>
        <line num="26" count="191" type="stmt"/>
        <line num="27" count="191" type="stmt"/>
        <line num="31" count="0" type="stmt"/>
        <line num="36" count="0" type="stmt"/>
        <line num="40" count="189" type="stmt"/>
        <line num="43" count="187" type="stmt"/>
        <line num="46" count="346" type="stmt"/>
        <line num="49" count="0" type="stmt"/>
        <line num="52" count="2" type="stmt"/>
        <line num="57" count="60" type="stmt"/>
        <line num="66" count="2" type="stmt"/>
        <line num="67" count="2" type="stmt"/>
        <line num="68" count="2" type="stmt"/>
        <line num="73" count="3" type="stmt"/>
        <line num="81" count="189" type="stmt"/>
        <line num="82" count="189" type="stmt"/>
        <line num="83" count="189" type="stmt"/>
        <line num="87" count="368" type="stmt"/>
        <line num="90" count="185" type="stmt"/>
        <line num="98" count="3" type="stmt"/>
        <line num="99" count="3" type="stmt"/>
        <line num="100" count="3" type="stmt"/>
        <line num="101" count="3" type="stmt"/>
        <line num="102" count="3" type="stmt"/>
        <line num="105" count="3" type="stmt"/>
        <line num="108" count="3" type="stmt"/>
        <line num="110" count="0" type="stmt"/>
        <line num="112" count="12" type="stmt"/>
        <line num="115" count="3" type="stmt"/>
        <line num="119" count="3" type="stmt"/>
        <line num="120" count="3" type="stmt"/>
        <line num="124" count="3" type="stmt"/>
        <line num="125" count="3" type="stmt"/>
        <line num="136" count="3" type="stmt"/>
        <line num="137" count="3" type="stmt"/>
        <line num="138" count="3" type="stmt"/>
        <line num="139" count="3" type="stmt"/>
        <line num="140" count="3" type="cond" truecount="1" falsecount="1"/>
        <line num="141" count="3" type="stmt"/>
        <line num="142" count="3" type="stmt"/>
        <line num="143" count="3" type="stmt"/>
        <line num="144" count="3" type="cond" truecount="1" falsecount="1"/>
        <line num="145" count="3" type="stmt"/>
        <line num="147" count="3" type="stmt"/>
        <line num="149" count="3" type="cond" truecount="1" falsecount="1"/>
        <line num="150" count="3" type="stmt"/>
        <line num="151" count="3" type="stmt"/>
        <line num="152" count="3" type="stmt"/>
        <line num="153" count="3" type="cond" truecount="1" falsecount="1"/>
        <line num="154" count="3" type="stmt"/>
        <line num="156" count="3" type="stmt"/>
        <line num="159" count="3" type="cond" truecount="1" falsecount="1"/>
        <line num="160" count="3" type="stmt"/>
        <line num="161" count="3" type="stmt"/>
        <line num="162" count="3" type="stmt"/>
        <line num="163" count="3" type="stmt"/>
        <line num="164" count="3" type="cond" truecount="1" falsecount="1"/>
        <line num="165" count="3" type="stmt"/>
        <line num="167" count="3" type="stmt"/>
        <line num="170" count="3" type="cond" truecount="1" falsecount="1"/>
        <line num="171" count="3" type="stmt"/>
        <line num="172" count="3" type="stmt"/>
        <line num="173" count="3" type="stmt"/>
        <line num="174" count="3" type="stmt"/>
        <line num="177" count="3" type="stmt"/>
        <line num="184" count="9" type="stmt"/>
        <line num="185" count="9" type="stmt"/>
        <line num="186" count="9" type="stmt"/>
        <line num="187" count="9" type="stmt"/>
        <line num="188" count="9" type="stmt"/>
        <line num="189" count="9" type="stmt"/>
        <line num="190" count="9" type="stmt"/>
        <line num="192" count="27" type="stmt"/>
        <line num="193" count="27" type="cond" truecount="2" falsecount="0"/>
        <line num="194" count="3" type="stmt"/>
        <line num="195" count="3" type="stmt"/>
        <line num="196" count="3" type="stmt"/>
        <line num="197" count="3" type="stmt"/>
        <line num="198" count="3" type="stmt"/>
        <line num="199" count="3" type="cond" truecount="1" falsecount="1"/>
        <line num="200" count="3" type="stmt"/>
        <line num="201" count="3" type="stmt"/>
        <line num="204" count="9" type="cond" truecount="1" falsecount="1"/>
        <line num="205" count="9" type="stmt"/>
        <line num="206" count="9" type="stmt"/>
        <line num="213" count="0" type="stmt"/>
        <line num="214" count="0" type="stmt"/>
        <line num="215" count="0" type="stmt"/>
        <line num="216" count="0" type="stmt"/>
        <line num="217" count="0" type="stmt"/>
        <line num="218" count="0" type="stmt"/>
        <line num="220" count="0" type="cond" truecount="0" falsecount="2"/>
        <line num="221" count="0" type="stmt"/>
        <line num="222" count="0" type="stmt"/>
        <line num="224" count="0" type="cond" truecount="0" falsecount="2"/>
        <line num="225" count="0" type="stmt"/>
        <line num="229" count="0" type="stmt"/>
        <line num="230" count="0" type="stmt"/>
        <line num="231" count="0" type="cond" truecount="0" falsecount="2"/>
        <line num="232" count="0" type="stmt"/>
        <line num="235" count="0" type="cond" truecount="0" falsecount="2"/>
        <line num="236" count="0" type="stmt"/>
        <line num="240" count="0" type="stmt"/>
        <line num="241" count="0" type="stmt"/>
        <line num="242" count="0" type="cond" truecount="0" falsecount="2"/>
        <line num="246" count="0" type="cond" truecount="0" falsecount="2"/>
        <line num="247" count="0" type="stmt"/>
      </file>
    </package>
  </project>
</coverage>
