{"C:\\Users\\Mariela Mascelloni\\Desktop\\Practico\\clases\\BlockChain.js": {"path":"C:\\Users\\Mariela Mascelloni\\Desktop\\Practico\\clases\\BlockChain.js","statementMap":{"0":{"start":{"line":3,"column":17},"end":{"line":3,"column":20}},"1":{"start":{"line":15,"column":6},"end":{"line":15,"column":32}},"2":{"start":{"line":16,"column":6},"end":{"line":16,"column":35}},"3":{"start":{"line":17,"column":6},"end":{"line":17,"column":28}},"4":{"start":{"line":22,"column":24},"end":{"line":22,"column":53}},"5":{"start":{"line":23,"column":9},"end":{"line":26,"column":32}},"6":{"start":{"line":24,"column":14},"end":{"line":24,"column":28}},"7":{"start":{"line":26,"column":14},"end":{"line":26,"column":31}},"8":{"start":{"line":32,"column":14},"end":{"line":32,"column":17}},"9":{"start":{"line":33,"column":5},"end":{"line":38,"column":34}},"10":{"start":{"line":34,"column":16},"end":{"line":34,"column":30}},"11":{"start":{"line":35,"column":6},"end":{"line":35,"column":34}},"12":{"start":{"line":37,"column":16},"end":{"line":37,"column":33}},"13":{"start":{"line":38,"column":6},"end":{"line":38,"column":33}},"14":{"start":{"line":39,"column":4},"end":{"line":39,"column":17}},"15":{"start":{"line":42,"column":9},"end":{"line":42,"column":39}},"16":{"start":{"line":46,"column":9},"end":{"line":46,"column":43}},"17":{"start":{"line":51,"column":9},"end":{"line":51,"column":41}},"18":{"start":{"line":55,"column":9},"end":{"line":55,"column":36}},"19":{"start":{"line":62,"column":10},"end":{"line":62,"column":109}},"20":{"start":{"line":62,"column":59},"end":{"line":62,"column":107}},"21":{"start":{"line":67,"column":12},"end":{"line":67,"column":54}}},"fnMap":{"0":{"name":"(anonymous_0)","decl":{"start":{"line":14,"column":4},"end":{"line":14,"column":5}},"loc":{"start":{"line":14,"column":18},"end":{"line":19,"column":5}},"line":14},"1":{"name":"(anonymous_1)","decl":{"start":{"line":21,"column":4},"end":{"line":21,"column":5}},"loc":{"start":{"line":22,"column":8},"end":{"line":29,"column":9}},"line":22},"2":{"name":"(anonymous_2)","decl":{"start":{"line":31,"column":4},"end":{"line":31,"column":5}},"loc":{"start":{"line":31,"column":27},"end":{"line":40,"column":5}},"line":31},"3":{"name":"(anonymous_3)","decl":{"start":{"line":41,"column":4},"end":{"line":41,"column":5}},"loc":{"start":{"line":42,"column":8},"end":{"line":43,"column":9}},"line":42},"4":{"name":"(anonymous_4)","decl":{"start":{"line":45,"column":4},"end":{"line":45,"column":5}},"loc":{"start":{"line":46,"column":8},"end":{"line":47,"column":9}},"line":46},"5":{"name":"(anonymous_5)","decl":{"start":{"line":50,"column":4},"end":{"line":50,"column":5}},"loc":{"start":{"line":51,"column":8},"end":{"line":52,"column":10}},"line":51},"6":{"name":"(anonymous_6)","decl":{"start":{"line":54,"column":4},"end":{"line":54,"column":5}},"loc":{"start":{"line":55,"column":8},"end":{"line":56,"column":9}},"line":55},"7":{"name":"(anonymous_7)","decl":{"start":{"line":59,"column":4},"end":{"line":59,"column":5}},"loc":{"start":{"line":59,"column":36},"end":{"line":63,"column":11}},"line":59},"8":{"name":"(anonymous_8)","decl":{"start":{"line":62,"column":48},"end":{"line":62,"column":49}},"loc":{"start":{"line":62,"column":59},"end":{"line":62,"column":107}},"line":62},"9":{"name":"(anonymous_9)","decl":{"start":{"line":66,"column":4},"end":{"line":66,"column":5}},"loc":{"start":{"line":67,"column":8},"end":{"line":68,"column":9}},"line":67}},"branchMap":{"0":{"loc":{"start":{"line":23,"column":9},"end":{"line":26,"column":32}},"type":"if","locations":[{"start":{"line":23,"column":9},"end":{"line":26,"column":32}},{"start":{"line":26,"column":13},"end":{"line":26,"column":32}}],"line":23},"1":{"loc":{"start":{"line":33,"column":5},"end":{"line":38,"column":34}},"type":"if","locations":[{"start":{"line":33,"column":5},"end":{"line":38,"column":34}},{"start":{"line":37,"column":5},"end":{"line":38,"column":34}}],"line":33}},"s":{"0":4,"1":39,"2":39,"3":39,"4":11,"5":11,"6":5,"7":6,"8":389,"9":389,"10":23,"11":23,"12":366,"13":366,"14":389,"15":1,"16":31,"17":14,"18":14,"19":0,"20":0,"21":30},"f":{"0":39,"1":11,"2":389,"3":1,"4":31,"5":14,"6":14,"7":0,"8":0,"9":30},"b":{"0":[5,6],"1":[23,366]},"_coverageSchema":"1a1c01bbd47fc00a2c39e90264f33305004495a9","hash":"0b966baa4f42aae641f8cc8e273c281a9c75c2df"}
,"C:\\Users\\Mariela Mascelloni\\Desktop\\Practico\\clases\\Bloque.js": {"path":"C:\\Users\\Mariela Mascelloni\\Desktop\\Practico\\clases\\Bloque.js","statementMap":{"0":{"start":{"line":10,"column":6},"end":{"line":10,"column":28}},"1":{"start":{"line":11,"column":6},"end":{"line":11,"column":23}},"2":{"start":{"line":12,"column":6},"end":{"line":12,"column":23}},"3":{"start":{"line":13,"column":6},"end":{"line":13,"column":28}},"4":{"start":{"line":14,"column":6},"end":{"line":14,"column":24}},"5":{"start":{"line":18,"column":4},"end":{"line":18,"column":27}},"6":{"start":{"line":20,"column":6},"end":{"line":20,"column":24}},"7":{"start":{"line":23,"column":4},"end":{"line":23,"column":22}},"8":{"start":{"line":25,"column":4},"end":{"line":25,"column":31}},"9":{"start":{"line":27,"column":6},"end":{"line":27,"column":28}},"10":{"start":{"line":30,"column":8},"end":{"line":30,"column":35}},"11":{"start":{"line":33,"column":10},"end":{"line":33,"column":25}},"12":{"start":{"line":36,"column":8},"end":{"line":36,"column":30}},"13":{"start":{"line":39,"column":5},"end":{"line":39,"column":35}},"14":{"start":{"line":42,"column":4},"end":{"line":42,"column":21}},"15":{"start":{"line":46,"column":6},"end":{"line":46,"column":39}},"16":{"start":{"line":50,"column":8},"end":{"line":50,"column":28}},"17":{"start":{"line":51,"column":19},"end":{"line":51,"column":114}},"18":{"start":{"line":51,"column":92},"end":{"line":51,"column":104}},"19":{"start":{"line":52,"column":22},"end":{"line":52,"column":38}},"20":{"start":{"line":53,"column":22},"end":{"line":53,"column":53}},"21":{"start":{"line":54,"column":8},"end":{"line":54,"column":30}},"22":{"start":{"line":58,"column":6},"end":{"line":58,"column":30}},"23":{"start":{"line":64,"column":6},"end":{"line":64,"column":34}},"24":{"start":{"line":65,"column":6},"end":{"line":65,"column":25}}},"fnMap":{"0":{"name":"(anonymous_0)","decl":{"start":{"line":9,"column":2},"end":{"line":9,"column":3}},"loc":{"start":{"line":9,"column":16},"end":{"line":15,"column":5}},"line":9},"1":{"name":"(anonymous_1)","decl":{"start":{"line":17,"column":2},"end":{"line":17,"column":3}},"loc":{"start":{"line":17,"column":17},"end":{"line":18,"column":28}},"line":17},"2":{"name":"(anonymous_2)","decl":{"start":{"line":19,"column":2},"end":{"line":19,"column":3}},"loc":{"start":{"line":20,"column":4},"end":{"line":21,"column":5}},"line":20},"3":{"name":"(anonymous_3)","decl":{"start":{"line":22,"column":2},"end":{"line":22,"column":3}},"loc":{"start":{"line":22,"column":12},"end":{"line":23,"column":23}},"line":22},"4":{"name":"(anonymous_4)","decl":{"start":{"line":24,"column":2},"end":{"line":24,"column":3}},"loc":{"start":{"line":24,"column":22},"end":{"line":25,"column":32}},"line":24},"5":{"name":"(anonymous_5)","decl":{"start":{"line":26,"column":2},"end":{"line":26,"column":3}},"loc":{"start":{"line":26,"column":17},"end":{"line":27,"column":29}},"line":26},"6":{"name":"(anonymous_6)","decl":{"start":{"line":29,"column":2},"end":{"line":29,"column":3}},"loc":{"start":{"line":29,"column":16},"end":{"line":31,"column":7}},"line":29},"7":{"name":"(anonymous_7)","decl":{"start":{"line":32,"column":2},"end":{"line":32,"column":3}},"loc":{"start":{"line":33,"column":8},"end":{"line":34,"column":9}},"line":33},"8":{"name":"(anonymous_8)","decl":{"start":{"line":35,"column":2},"end":{"line":35,"column":3}},"loc":{"start":{"line":36,"column":6},"end":{"line":36,"column":31}},"line":36},"9":{"name":"(anonymous_9)","decl":{"start":{"line":38,"column":2},"end":{"line":38,"column":3}},"loc":{"start":{"line":38,"column":25},"end":{"line":40,"column":4}},"line":38},"10":{"name":"(anonymous_10)","decl":{"start":{"line":41,"column":2},"end":{"line":41,"column":3}},"loc":{"start":{"line":41,"column":20},"end":{"line":43,"column":4}},"line":41},"11":{"name":"(anonymous_11)","decl":{"start":{"line":45,"column":2},"end":{"line":45,"column":3}},"loc":{"start":{"line":45,"column":30},"end":{"line":47,"column":4}},"line":45},"12":{"name":"(anonymous_12)","decl":{"start":{"line":49,"column":2},"end":{"line":49,"column":3}},"loc":{"start":{"line":49,"column":27},"end":{"line":56,"column":3}},"line":49},"13":{"name":"(anonymous_13)","decl":{"start":{"line":51,"column":86},"end":{"line":51,"column":87}},"loc":{"start":{"line":51,"column":92},"end":{"line":51,"column":104}},"line":51},"14":{"name":"(anonymous_14)","decl":{"start":{"line":57,"column":2},"end":{"line":57,"column":3}},"loc":{"start":{"line":57,"column":40},"end":{"line":59,"column":5}},"line":57},"15":{"name":"(anonymous_15)","decl":{"start":{"line":63,"column":2},"end":{"line":63,"column":3}},"loc":{"start":{"line":63,"column":27},"end":{"line":67,"column":3}},"line":63}},"branchMap":{},"s":{"0":23,"1":23,"2":23,"3":23,"4":23,"5":16,"6":16,"7":16,"8":16,"9":184,"10":16,"11":16,"12":16,"13":182,"14":182,"15":182,"16":16,"17":16,"18":160,"19":16,"20":16,"21":16,"22":0,"23":182,"24":182},"f":{"0":23,"1":16,"2":16,"3":16,"4":16,"5":184,"6":16,"7":16,"8":16,"9":182,"10":182,"11":182,"12":16,"13":160,"14":0,"15":182},"b":{},"_coverageSchema":"1a1c01bbd47fc00a2c39e90264f33305004495a9","hash":"408cf9ffd2bfbb9a5eb9b3de8d4a084d1a2f2ac6"}
,"C:\\Users\\Mariela Mascelloni\\Desktop\\Practico\\clases\\EstrategiaHashAbstracta.js": {"path":"C:\\Users\\Mariela Mascelloni\\Desktop\\Practico\\clases\\EstrategiaHashAbstracta.js","statementMap":{"0":{"start":{"line":5,"column":2},"end":{"line":5,"column":17}},"1":{"start":{"line":17,"column":5},"end":{"line":17,"column":13}},"2":{"start":{"line":20,"column":16},"end":{"line":20,"column":42}},"3":{"start":{"line":21,"column":6},"end":{"line":21,"column":20}},"4":{"start":{"line":28,"column":6},"end":{"line":28,"column":14}},"5":{"start":{"line":30,"column":16},"end":{"line":30,"column":45}},"6":{"start":{"line":31,"column":6},"end":{"line":31,"column":20}}},"fnMap":{"0":{"name":"(anonymous_0)","decl":{"start":{"line":4,"column":1},"end":{"line":4,"column":2}},"loc":{"start":{"line":4,"column":14},"end":{"line":6,"column":4}},"line":4},"1":{"name":"(anonymous_1)","decl":{"start":{"line":7,"column":2},"end":{"line":7,"column":3}},"loc":{"start":{"line":7,"column":15},"end":{"line":8,"column":5}},"line":7},"2":{"name":"(anonymous_2)","decl":{"start":{"line":9,"column":2},"end":{"line":9,"column":3}},"loc":{"start":{"line":9,"column":11},"end":{"line":10,"column":4}},"line":9},"3":{"name":"(anonymous_3)","decl":{"start":{"line":11,"column":2},"end":{"line":11,"column":3}},"loc":{"start":{"line":11,"column":15},"end":{"line":12,"column":3}},"line":11},"4":{"name":"(anonymous_4)","decl":{"start":{"line":16,"column":3},"end":{"line":16,"column":4}},"loc":{"start":{"line":17,"column":4},"end":{"line":18,"column":5}},"line":17},"5":{"name":"(anonymous_5)","decl":{"start":{"line":19,"column":4},"end":{"line":19,"column":5}},"loc":{"start":{"line":19,"column":21},"end":{"line":22,"column":5}},"line":19},"6":{"name":"(anonymous_6)","decl":{"start":{"line":27,"column":4},"end":{"line":27,"column":5}},"loc":{"start":{"line":27,"column":17},"end":{"line":28,"column":15}},"line":27},"7":{"name":"(anonymous_7)","decl":{"start":{"line":29,"column":4},"end":{"line":29,"column":5}},"loc":{"start":{"line":29,"column":21},"end":{"line":32,"column":5}},"line":29}},"branchMap":{},"s":{"0":389,"1":23,"2":23,"3":23,"4":366,"5":366,"6":366},"f":{"0":389,"1":0,"2":0,"3":0,"4":23,"5":23,"6":366,"7":366},"b":{},"_coverageSchema":"1a1c01bbd47fc00a2c39e90264f33305004495a9","hash":"b74c3684407050506b9ded4fc6e850dd2503f1f1"}
,"C:\\Users\\Mariela Mascelloni\\Desktop\\Practico\\clases\\Nodo.js": {"path":"C:\\Users\\Mariela Mascelloni\\Desktop\\Practico\\clases\\Nodo.js","statementMap":{"0":{"start":{"line":11,"column":6},"end":{"line":11,"column":39}},"1":{"start":{"line":12,"column":6},"end":{"line":12,"column":21}},"2":{"start":{"line":13,"column":6},"end":{"line":13,"column":23}},"3":{"start":{"line":14,"column":6},"end":{"line":14,"column":30}},"4":{"start":{"line":17,"column":6},"end":{"line":17,"column":30}},"5":{"start":{"line":21,"column":6},"end":{"line":21,"column":25}},"6":{"start":{"line":24,"column":6},"end":{"line":24,"column":24}},"7":{"start":{"line":27,"column":6},"end":{"line":27,"column":33}},"8":{"start":{"line":30,"column":6},"end":{"line":30,"column":35}},"9":{"start":{"line":33,"column":6},"end":{"line":33,"column":21}},"10":{"start":{"line":36,"column":6},"end":{"line":36,"column":22}},"11":{"start":{"line":39,"column":6},"end":{"line":39,"column":29}},"12":{"start":{"line":43,"column":27},"end":{"line":43,"column":78}},"13":{"start":{"line":44,"column":19},"end":{"line":44,"column":33}},"14":{"start":{"line":45,"column":6},"end":{"line":45,"column":28}},"15":{"start":{"line":46,"column":6},"end":{"line":46,"column":20}},"16":{"start":{"line":50,"column":20},"end":{"line":50,"column":46}},"17":{"start":{"line":51,"column":7},"end":{"line":51,"column":20}},"18":{"start":{"line":56,"column":31},"end":{"line":56,"column":82}},"19":{"start":{"line":57,"column":23},"end":{"line":57,"column":46}},"20":{"start":{"line":58,"column":10},"end":{"line":58,"column":31}},"21":{"start":{"line":59,"column":10},"end":{"line":59,"column":24}},"22":{"start":{"line":65,"column":8},"end":{"line":65,"column":27}},"23":{"start":{"line":69,"column":10},"end":{"line":77,"column":11}},"24":{"start":{"line":70,"column":11},"end":{"line":70,"column":52}},"25":{"start":{"line":71,"column":11},"end":{"line":71,"column":52}},"26":{"start":{"line":72,"column":11},"end":{"line":73,"column":28}},"27":{"start":{"line":73,"column":12},"end":{"line":73,"column":27}},"28":{"start":{"line":76,"column":12},"end":{"line":76,"column":28}},"29":{"start":{"line":83,"column":6},"end":{"line":83,"column":43}},"30":{"start":{"line":86,"column":4},"end":{"line":86,"column":28}},"31":{"start":{"line":90,"column":8},"end":{"line":106,"column":26}},"32":{"start":{"line":91,"column":28},"end":{"line":91,"column":51}},"33":{"start":{"line":93,"column":12},"end":{"line":93,"column":43}},"34":{"start":{"line":94,"column":12},"end":{"line":94,"column":52}},"35":{"start":{"line":95,"column":12},"end":{"line":95,"column":37}},"36":{"start":{"line":97,"column":14},"end":{"line":97,"column":62}},"37":{"start":{"line":98,"column":14},"end":{"line":98,"column":38}},"38":{"start":{"line":99,"column":14},"end":{"line":99,"column":73}},"39":{"start":{"line":102,"column":12},"end":{"line":102,"column":31}},"40":{"start":{"line":105,"column":13},"end":{"line":105,"column":44}},"41":{"start":{"line":106,"column":13},"end":{"line":106,"column":25}},"42":{"start":{"line":117,"column":22},"end":{"line":117,"column":71}},"43":{"start":{"line":118,"column":8},"end":{"line":118,"column":52}},"44":{"start":{"line":123,"column":22},"end":{"line":123,"column":38}},"45":{"start":{"line":124,"column":8},"end":{"line":127,"column":24}},"46":{"start":{"line":125,"column":10},"end":{"line":125,"column":23}},"47":{"start":{"line":127,"column":10},"end":{"line":127,"column":23}},"48":{"start":{"line":131,"column":8},"end":{"line":133,"column":10}},"49":{"start":{"line":132,"column":10},"end":{"line":132,"column":50}},"50":{"start":{"line":139,"column":5},"end":{"line":145,"column":6}},"51":{"start":{"line":140,"column":7},"end":{"line":140,"column":47}},"52":{"start":{"line":141,"column":7},"end":{"line":141,"column":47}},"53":{"start":{"line":144,"column":7},"end":{"line":144,"column":68}},"54":{"start":{"line":150,"column":20},"end":{"line":150,"column":96}},"55":{"start":{"line":150,"column":57},"end":{"line":150,"column":95}},"56":{"start":{"line":155,"column":8},"end":{"line":155,"column":39}},"57":{"start":{"line":161,"column":19},"end":{"line":161,"column":31}},"58":{"start":{"line":162,"column":8},"end":{"line":162,"column":21}},"59":{"start":{"line":170,"column":21},"end":{"line":170,"column":22}},"60":{"start":{"line":171,"column":6},"end":{"line":174,"column":12}},"61":{"start":{"line":172,"column":10},"end":{"line":173,"column":26}},"62":{"start":{"line":173,"column":11},"end":{"line":173,"column":25}},"63":{"start":{"line":176,"column":6},"end":{"line":176,"column":19}},"64":{"start":{"line":180,"column":6},"end":{"line":180,"column":25}},"65":{"start":{"line":184,"column":6},"end":{"line":184,"column":23}},"66":{"start":{"line":188,"column":5},"end":{"line":188,"column":26}},"67":{"start":{"line":192,"column":5},"end":{"line":192,"column":27}},"68":{"start":{"line":198,"column":23},"end":{"line":198,"column":87}},"69":{"start":{"line":199,"column":29},"end":{"line":199,"column":46}},"70":{"start":{"line":200,"column":17},"end":{"line":200,"column":19}},"71":{"start":{"line":201,"column":4},"end":{"line":203,"column":5}},"72":{"start":{"line":201,"column":17},"end":{"line":201,"column":18}},"73":{"start":{"line":202,"column":8},"end":{"line":202,"column":82}},"74":{"start":{"line":204,"column":3},"end":{"line":204,"column":17}},"75":{"start":{"line":208,"column":17},"end":{"line":208,"column":39}},"76":{"start":{"line":209,"column":17},"end":{"line":209,"column":42}},"77":{"start":{"line":210,"column":5},"end":{"line":210,"column":36}},"78":{"start":{"line":211,"column":5},"end":{"line":211,"column":30}}},"fnMap":{"0":{"name":"(anonymous_0)","decl":{"start":{"line":10,"column":2},"end":{"line":10,"column":3}},"loc":{"start":{"line":10,"column":16},"end":{"line":15,"column":5}},"line":10},"1":{"name":"(anonymous_1)","decl":{"start":{"line":16,"column":2},"end":{"line":16,"column":3}},"loc":{"start":{"line":16,"column":17},"end":{"line":18,"column":5}},"line":16},"2":{"name":"(anonymous_2)","decl":{"start":{"line":20,"column":2},"end":{"line":20,"column":3}},"loc":{"start":{"line":21,"column":5},"end":{"line":22,"column":5}},"line":21},"3":{"name":"(anonymous_3)","decl":{"start":{"line":23,"column":2},"end":{"line":23,"column":3}},"loc":{"start":{"line":23,"column":11},"end":{"line":25,"column":5}},"line":23},"4":{"name":"(anonymous_4)","decl":{"start":{"line":26,"column":2},"end":{"line":26,"column":3}},"loc":{"start":{"line":26,"column":21},"end":{"line":28,"column":5}},"line":26},"5":{"name":"(anonymous_5)","decl":{"start":{"line":29,"column":2},"end":{"line":29,"column":3}},"loc":{"start":{"line":29,"column":24},"end":{"line":31,"column":5}},"line":29},"6":{"name":"(anonymous_6)","decl":{"start":{"line":32,"column":2},"end":{"line":32,"column":3}},"loc":{"start":{"line":32,"column":15},"end":{"line":34,"column":5}},"line":32},"7":{"name":"(anonymous_7)","decl":{"start":{"line":35,"column":2},"end":{"line":35,"column":3}},"loc":{"start":{"line":35,"column":13},"end":{"line":37,"column":5}},"line":35},"8":{"name":"(anonymous_8)","decl":{"start":{"line":38,"column":2},"end":{"line":38,"column":3}},"loc":{"start":{"line":38,"column":23},"end":{"line":40,"column":5}},"line":38},"9":{"name":"(anonymous_9)","decl":{"start":{"line":42,"column":2},"end":{"line":42,"column":3}},"loc":{"start":{"line":42,"column":45},"end":{"line":47,"column":7}},"line":42},"10":{"name":"(anonymous_10)","decl":{"start":{"line":49,"column":2},"end":{"line":49,"column":3}},"loc":{"start":{"line":49,"column":30},"end":{"line":52,"column":7}},"line":49},"11":{"name":"(anonymous_11)","decl":{"start":{"line":55,"column":2},"end":{"line":55,"column":3}},"loc":{"start":{"line":55,"column":43},"end":{"line":60,"column":8}},"line":55},"12":{"name":"(anonymous_12)","decl":{"start":{"line":64,"column":2},"end":{"line":64,"column":3}},"loc":{"start":{"line":64,"column":28},"end":{"line":66,"column":5}},"line":64},"13":{"name":"(anonymous_13)","decl":{"start":{"line":68,"column":2},"end":{"line":68,"column":3}},"loc":{"start":{"line":69,"column":8},"end":{"line":78,"column":9}},"line":69},"14":{"name":"(anonymous_14)","decl":{"start":{"line":82,"column":2},"end":{"line":82,"column":3}},"loc":{"start":{"line":83,"column":5},"end":{"line":84,"column":6}},"line":83},"15":{"name":"(anonymous_15)","decl":{"start":{"line":85,"column":2},"end":{"line":85,"column":3}},"loc":{"start":{"line":86,"column":3},"end":{"line":87,"column":4}},"line":86},"16":{"name":"(anonymous_16)","decl":{"start":{"line":89,"column":2},"end":{"line":89,"column":3}},"loc":{"start":{"line":89,"column":39},"end":{"line":107,"column":7}},"line":89},"17":{"name":"(anonymous_17)","decl":{"start":{"line":111,"column":2},"end":{"line":111,"column":3}},"loc":{"start":{"line":111,"column":44},"end":{"line":119,"column":5}},"line":111},"18":{"name":"(anonymous_18)","decl":{"start":{"line":121,"column":2},"end":{"line":121,"column":3}},"loc":{"start":{"line":121,"column":34},"end":{"line":128,"column":7}},"line":121},"19":{"name":"(anonymous_19)","decl":{"start":{"line":130,"column":2},"end":{"line":130,"column":3}},"loc":{"start":{"line":130,"column":35},"end":{"line":134,"column":9}},"line":130},"20":{"name":"(anonymous_20)","decl":{"start":{"line":138,"column":2},"end":{"line":138,"column":3}},"loc":{"start":{"line":139,"column":3},"end":{"line":146,"column":4}},"line":139},"21":{"name":"(anonymous_21)","decl":{"start":{"line":148,"column":2},"end":{"line":148,"column":3}},"loc":{"start":{"line":148,"column":26},"end":{"line":151,"column":9}},"line":148},"22":{"name":"(anonymous_22)","decl":{"start":{"line":150,"column":49},"end":{"line":150,"column":50}},"loc":{"start":{"line":150,"column":57},"end":{"line":150,"column":95}},"line":150},"23":{"name":"(anonymous_23)","decl":{"start":{"line":154,"column":2},"end":{"line":154,"column":3}},"loc":{"start":{"line":154,"column":41},"end":{"line":157,"column":9}},"line":154},"24":{"name":"(anonymous_24)","decl":{"start":{"line":160,"column":2},"end":{"line":160,"column":3}},"loc":{"start":{"line":160,"column":21},"end":{"line":163,"column":9}},"line":160},"25":{"name":"(anonymous_25)","decl":{"start":{"line":166,"column":2},"end":{"line":166,"column":3}},"loc":{"start":{"line":170,"column":4},"end":{"line":178,"column":5}},"line":170},"26":{"name":"(anonymous_26)","decl":{"start":{"line":171,"column":58},"end":{"line":171,"column":59}},"loc":{"start":{"line":171,"column":66},"end":{"line":173,"column":28}},"line":171},"27":{"name":"(anonymous_27)","decl":{"start":{"line":179,"column":2},"end":{"line":179,"column":3}},"loc":{"start":{"line":180,"column":5},"end":{"line":181,"column":6}},"line":180},"28":{"name":"(anonymous_28)","decl":{"start":{"line":183,"column":2},"end":{"line":183,"column":3}},"loc":{"start":{"line":184,"column":5},"end":{"line":185,"column":6}},"line":184},"29":{"name":"(anonymous_29)","decl":{"start":{"line":187,"column":2},"end":{"line":187,"column":3}},"loc":{"start":{"line":188,"column":4},"end":{"line":189,"column":5}},"line":188},"30":{"name":"(anonymous_30)","decl":{"start":{"line":191,"column":2},"end":{"line":191,"column":3}},"loc":{"start":{"line":192,"column":4},"end":{"line":193,"column":5}},"line":192},"31":{"name":"(anonymous_31)","decl":{"start":{"line":197,"column":2},"end":{"line":197,"column":3}},"loc":{"start":{"line":198,"column":2},"end":{"line":205,"column":3}},"line":198},"32":{"name":"(anonymous_32)","decl":{"start":{"line":207,"column":2},"end":{"line":207,"column":3}},"loc":{"start":{"line":207,"column":37},"end":{"line":212,"column":4}},"line":207}},"branchMap":{"0":{"loc":{"start":{"line":69,"column":10},"end":{"line":77,"column":11}},"type":"if","locations":[{"start":{"line":69,"column":10},"end":{"line":77,"column":11}},{"start":{"line":76,"column":10},"end":{"line":77,"column":11}}],"line":69},"1":{"loc":{"start":{"line":72,"column":11},"end":{"line":73,"column":28}},"type":"if","locations":[{"start":{"line":72,"column":11},"end":{"line":73,"column":28}},{"start":{},"end":{}}],"line":72},"2":{"loc":{"start":{"line":90,"column":8},"end":{"line":106,"column":26}},"type":"if","locations":[{"start":{"line":90,"column":8},"end":{"line":106,"column":26}},{"start":{"line":105,"column":11},"end":{"line":106,"column":26}}],"line":90},"3":{"loc":{"start":{"line":124,"column":8},"end":{"line":127,"column":24}},"type":"if","locations":[{"start":{"line":124,"column":8},"end":{"line":127,"column":24}},{"start":{"line":127,"column":9},"end":{"line":127,"column":24}}],"line":124},"4":{"loc":{"start":{"line":131,"column":8},"end":{"line":133,"column":10}},"type":"if","locations":[{"start":{"line":131,"column":8},"end":{"line":133,"column":10}},{"start":{},"end":{}}],"line":131},"5":{"loc":{"start":{"line":139,"column":5},"end":{"line":145,"column":6}},"type":"if","locations":[{"start":{"line":139,"column":5},"end":{"line":145,"column":6}},{"start":{"line":144,"column":5},"end":{"line":145,"column":6}}],"line":139},"6":{"loc":{"start":{"line":172,"column":10},"end":{"line":173,"column":26}},"type":"if","locations":[{"start":{"line":172,"column":10},"end":{"line":173,"column":26}},{"start":{},"end":{}}],"line":172}},"s":{"0":12,"1":12,"2":12,"3":12,"4":373,"5":62,"6":0,"7":16,"8":0,"9":18,"10":5,"11":0,"12":2,"13":2,"14":2,"15":2,"16":12,"17":12,"18":186,"19":186,"20":186,"21":186,"22":2,"23":16,"24":14,"25":14,"26":14,"27":3,"28":2,"29":11,"30":16,"31":182,"32":16,"33":16,"34":16,"35":16,"36":16,"37":16,"38":16,"39":16,"40":166,"41":166,"42":185,"43":185,"44":0,"45":0,"46":0,"47":0,"48":0,"49":0,"50":0,"51":0,"52":0,"53":0,"54":16,"55":0,"56":16,"57":16,"58":16,"59":1,"60":1,"61":1,"62":1,"63":1,"64":60,"65":60,"66":60,"67":60,"68":187,"69":187,"70":187,"71":187,"72":187,"73":2244,"74":187,"75":60,"76":60,"77":60,"78":60},"f":{"0":12,"1":373,"2":62,"3":0,"4":16,"5":0,"6":18,"7":5,"8":0,"9":2,"10":12,"11":186,"12":2,"13":16,"14":11,"15":16,"16":182,"17":185,"18":0,"19":0,"20":0,"21":16,"22":0,"23":16,"24":16,"25":1,"26":1,"27":60,"28":60,"29":60,"30":60,"31":187,"32":60},"b":{"0":[14,2],"1":[3,11],"2":[16,166],"3":[0,0],"4":[0,0],"5":[0,0],"6":[1,0]},"_coverageSchema":"1a1c01bbd47fc00a2c39e90264f33305004495a9","hash":"2a3169bb35e69e4eb3374e44d0dd1d2a6480cb2d"}
,"C:\\Users\\Mariela Mascelloni\\Desktop\\Practico\\clases\\Transaccion.js": {"path":"C:\\Users\\Mariela Mascelloni\\Desktop\\Practico\\clases\\Transaccion.js","statementMap":{"0":{"start":{"line":5,"column":9},"end":{"line":5,"column":10}},"1":{"start":{"line":10,"column":4},"end":{"line":10,"column":30}},"2":{"start":{"line":14,"column":21},"end":{"line":14,"column":29}},"3":{"start":{"line":15,"column":8},"end":{"line":15,"column":23}},"4":{"start":{"line":18,"column":8},"end":{"line":18,"column":33}},"5":{"start":{"line":21,"column":5},"end":{"line":21,"column":39}},"6":{"start":{"line":24,"column":5},"end":{"line":24,"column":41}},"7":{"start":{"line":27,"column":5},"end":{"line":27,"column":40}},"8":{"start":{"line":30,"column":5},"end":{"line":30,"column":40}},"9":{"start":{"line":33,"column":19},"end":{"line":33,"column":27}},"10":{"start":{"line":34,"column":6},"end":{"line":34,"column":21}},"11":{"start":{"line":37,"column":6},"end":{"line":37,"column":31}},"12":{"start":{"line":41,"column":18},"end":{"line":41,"column":41}},"13":{"start":{"line":42,"column":6},"end":{"line":42,"column":114}},"14":{"start":{"line":46,"column":18},"end":{"line":46,"column":41}},"15":{"start":{"line":47,"column":6},"end":{"line":47,"column":114}},"16":{"start":{"line":52,"column":18},"end":{"line":52,"column":41}},"17":{"start":{"line":53,"column":6},"end":{"line":53,"column":86}},"18":{"start":{"line":57,"column":18},"end":{"line":57,"column":41}},"19":{"start":{"line":58,"column":6},"end":{"line":58,"column":139}},"20":{"start":{"line":68,"column":16},"end":{"line":68,"column":30}},"21":{"start":{"line":69,"column":6},"end":{"line":87,"column":7}},"22":{"start":{"line":71,"column":18},"end":{"line":71,"column":31}},"23":{"start":{"line":72,"column":18},"end":{"line":72,"column":30}},"24":{"start":{"line":73,"column":18},"end":{"line":73,"column":32}},"25":{"start":{"line":74,"column":18},"end":{"line":74,"column":30}},"26":{"start":{"line":75,"column":7},"end":{"line":75,"column":106}},"27":{"start":{"line":77,"column":11},"end":{"line":87,"column":7}},"28":{"start":{"line":78,"column":24},"end":{"line":78,"column":39}},"29":{"start":{"line":79,"column":7},"end":{"line":79,"column":27}},"30":{"start":{"line":81,"column":11},"end":{"line":87,"column":7}},"31":{"start":{"line":82,"column":18},"end":{"line":82,"column":31}},"32":{"start":{"line":83,"column":18},"end":{"line":83,"column":30}},"33":{"start":{"line":84,"column":18},"end":{"line":84,"column":32}},"34":{"start":{"line":85,"column":18},"end":{"line":85,"column":33}},"35":{"start":{"line":86,"column":6},"end":{"line":86,"column":111}},"36":{"start":{"line":94,"column":6},"end":{"line":94,"column":14}},"37":{"start":{"line":95,"column":6},"end":{"line":95,"column":41}},"38":{"start":{"line":96,"column":6},"end":{"line":96,"column":28}},"39":{"start":{"line":97,"column":6},"end":{"line":97,"column":19}},"40":{"start":{"line":101,"column":4},"end":{"line":101,"column":35}},"41":{"start":{"line":102,"column":4},"end":{"line":104,"column":5}},"42":{"start":{"line":103,"column":7},"end":{"line":103,"column":35}},"43":{"start":{"line":107,"column":3},"end":{"line":107,"column":54}},"44":{"start":{"line":111,"column":4},"end":{"line":111,"column":31}},"45":{"start":{"line":116,"column":4},"end":{"line":116,"column":16}},"46":{"start":{"line":120,"column":3},"end":{"line":120,"column":18}},"47":{"start":{"line":124,"column":3},"end":{"line":124,"column":22}},"48":{"start":{"line":132,"column":3},"end":{"line":132,"column":22}},"49":{"start":{"line":139,"column":4},"end":{"line":139,"column":12}},"50":{"start":{"line":140,"column":4},"end":{"line":140,"column":29}},"51":{"start":{"line":141,"column":4},"end":{"line":141,"column":27}},"52":{"start":{"line":142,"column":4},"end":{"line":142,"column":19}},"53":{"start":{"line":143,"column":4},"end":{"line":143,"column":33}},"54":{"start":{"line":147,"column":3},"end":{"line":147,"column":20}},"55":{"start":{"line":152,"column":17},"end":{"line":152,"column":33}},"56":{"start":{"line":153,"column":3},"end":{"line":153,"column":73}},"57":{"start":{"line":157,"column":3},"end":{"line":157,"column":19}},"58":{"start":{"line":161,"column":4},"end":{"line":161,"column":21}},"59":{"start":{"line":164,"column":3},"end":{"line":164,"column":19}},"60":{"start":{"line":167,"column":3},"end":{"line":167,"column":21}},"61":{"start":{"line":170,"column":4},"end":{"line":170,"column":22}},"62":{"start":{"line":173,"column":4},"end":{"line":173,"column":21}},"63":{"start":{"line":177,"column":3},"end":{"line":177,"column":17}},"64":{"start":{"line":185,"column":4},"end":{"line":185,"column":12}},"65":{"start":{"line":186,"column":4},"end":{"line":186,"column":34}},"66":{"start":{"line":187,"column":4},"end":{"line":187,"column":27}},"67":{"start":{"line":191,"column":4},"end":{"line":191,"column":22}},"68":{"start":{"line":200,"column":4},"end":{"line":200,"column":12}},"69":{"start":{"line":201,"column":4},"end":{"line":201,"column":30}},"70":{"start":{"line":202,"column":4},"end":{"line":202,"column":36}},"71":{"start":{"line":205,"column":4},"end":{"line":205,"column":22}},"72":{"start":{"line":208,"column":4},"end":{"line":208,"column":20}},"73":{"start":{"line":211,"column":6},"end":{"line":211,"column":21}},"74":{"start":{"line":219,"column":4},"end":{"line":219,"column":12}},"75":{"start":{"line":220,"column":4},"end":{"line":220,"column":17}},"76":{"start":{"line":221,"column":4},"end":{"line":221,"column":29}},"77":{"start":{"line":222,"column":4},"end":{"line":222,"column":26}},"78":{"start":{"line":223,"column":4},"end":{"line":223,"column":39}},"79":{"start":{"line":226,"column":4},"end":{"line":226,"column":22}},"80":{"start":{"line":229,"column":4},"end":{"line":229,"column":22}},"81":{"start":{"line":231,"column":4},"end":{"line":231,"column":34}},"82":{"start":{"line":233,"column":4},"end":{"line":233,"column":29}},"83":{"start":{"line":237,"column":4},"end":{"line":237,"column":32}},"84":{"start":{"line":241,"column":3},"end":{"line":241,"column":18}},"85":{"start":{"line":245,"column":4},"end":{"line":245,"column":22}}},"fnMap":{"0":{"name":"(anonymous_0)","decl":{"start":{"line":9,"column":2},"end":{"line":9,"column":3}},"loc":{"start":{"line":9,"column":16},"end":{"line":11,"column":7}},"line":9},"1":{"name":"(anonymous_1)","decl":{"start":{"line":13,"column":2},"end":{"line":13,"column":3}},"loc":{"start":{"line":13,"column":17},"end":{"line":16,"column":8}},"line":13},"2":{"name":"(anonymous_2)","decl":{"start":{"line":17,"column":2},"end":{"line":17,"column":3}},"loc":{"start":{"line":18,"column":6},"end":{"line":19,"column":7}},"line":18},"3":{"name":"(anonymous_3)","decl":{"start":{"line":20,"column":2},"end":{"line":20,"column":3}},"loc":{"start":{"line":21,"column":4},"end":{"line":22,"column":5}},"line":21},"4":{"name":"(anonymous_4)","decl":{"start":{"line":23,"column":2},"end":{"line":23,"column":3}},"loc":{"start":{"line":24,"column":4},"end":{"line":25,"column":5}},"line":24},"5":{"name":"(anonymous_5)","decl":{"start":{"line":26,"column":2},"end":{"line":26,"column":3}},"loc":{"start":{"line":27,"column":4},"end":{"line":28,"column":5}},"line":27},"6":{"name":"(anonymous_6)","decl":{"start":{"line":29,"column":2},"end":{"line":29,"column":3}},"loc":{"start":{"line":30,"column":4},"end":{"line":31,"column":5}},"line":30},"7":{"name":"(anonymous_7)","decl":{"start":{"line":32,"column":2},"end":{"line":32,"column":3}},"loc":{"start":{"line":32,"column":17},"end":{"line":35,"column":6}},"line":32},"8":{"name":"(anonymous_8)","decl":{"start":{"line":36,"column":2},"end":{"line":36,"column":3}},"loc":{"start":{"line":37,"column":4},"end":{"line":38,"column":5}},"line":37},"9":{"name":"(anonymous_9)","decl":{"start":{"line":39,"column":2},"end":{"line":39,"column":3}},"loc":{"start":{"line":40,"column":4},"end":{"line":43,"column":5}},"line":40},"10":{"name":"(anonymous_10)","decl":{"start":{"line":44,"column":2},"end":{"line":44,"column":3}},"loc":{"start":{"line":45,"column":4},"end":{"line":48,"column":5}},"line":45},"11":{"name":"(anonymous_11)","decl":{"start":{"line":50,"column":2},"end":{"line":50,"column":3}},"loc":{"start":{"line":51,"column":4},"end":{"line":54,"column":5}},"line":51},"12":{"name":"(anonymous_12)","decl":{"start":{"line":55,"column":2},"end":{"line":55,"column":3}},"loc":{"start":{"line":56,"column":4},"end":{"line":59,"column":5}},"line":56},"13":{"name":"(anonymous_13)","decl":{"start":{"line":61,"column":2},"end":{"line":61,"column":3}},"loc":{"start":{"line":61,"column":32},"end":{"line":88,"column":7}},"line":61},"14":{"name":"(anonymous_14)","decl":{"start":{"line":93,"column":2},"end":{"line":93,"column":3}},"loc":{"start":{"line":93,"column":16},"end":{"line":98,"column":9}},"line":93},"15":{"name":"(anonymous_15)","decl":{"start":{"line":100,"column":2},"end":{"line":100,"column":3}},"loc":{"start":{"line":101,"column":2},"end":{"line":105,"column":3}},"line":101},"16":{"name":"(anonymous_16)","decl":{"start":{"line":106,"column":2},"end":{"line":106,"column":3}},"loc":{"start":{"line":107,"column":2},"end":{"line":109,"column":3}},"line":107},"17":{"name":"(anonymous_17)","decl":{"start":{"line":110,"column":2},"end":{"line":110,"column":3}},"loc":{"start":{"line":110,"column":20},"end":{"line":113,"column":3}},"line":110},"18":{"name":"(anonymous_18)","decl":{"start":{"line":114,"column":2},"end":{"line":114,"column":3}},"loc":{"start":{"line":115,"column":2},"end":{"line":117,"column":3}},"line":115},"19":{"name":"(anonymous_19)","decl":{"start":{"line":119,"column":2},"end":{"line":119,"column":3}},"loc":{"start":{"line":120,"column":2},"end":{"line":121,"column":3}},"line":120},"20":{"name":"(anonymous_20)","decl":{"start":{"line":123,"column":2},"end":{"line":123,"column":3}},"loc":{"start":{"line":124,"column":2},"end":{"line":125,"column":3}},"line":124},"21":{"name":"(anonymous_21)","decl":{"start":{"line":127,"column":2},"end":{"line":127,"column":3}},"loc":{"start":{"line":128,"column":3},"end":{"line":129,"column":4}},"line":128},"22":{"name":"(anonymous_22)","decl":{"start":{"line":131,"column":2},"end":{"line":131,"column":3}},"loc":{"start":{"line":131,"column":11},"end":{"line":133,"column":3}},"line":131},"23":{"name":"(anonymous_23)","decl":{"start":{"line":138,"column":2},"end":{"line":138,"column":3}},"loc":{"start":{"line":138,"column":16},"end":{"line":144,"column":6}},"line":138},"24":{"name":"(anonymous_24)","decl":{"start":{"line":145,"column":2},"end":{"line":145,"column":3}},"loc":{"start":{"line":145,"column":29},"end":{"line":148,"column":3}},"line":145},"25":{"name":"(anonymous_25)","decl":{"start":{"line":150,"column":2},"end":{"line":150,"column":3}},"loc":{"start":{"line":150,"column":24},"end":{"line":154,"column":3}},"line":150},"26":{"name":"(anonymous_26)","decl":{"start":{"line":156,"column":2},"end":{"line":156,"column":3}},"loc":{"start":{"line":157,"column":2},"end":{"line":158,"column":3}},"line":157},"27":{"name":"(anonymous_27)","decl":{"start":{"line":160,"column":2},"end":{"line":160,"column":3}},"loc":{"start":{"line":161,"column":2},"end":{"line":162,"column":3}},"line":161},"28":{"name":"(anonymous_28)","decl":{"start":{"line":163,"column":2},"end":{"line":163,"column":3}},"loc":{"start":{"line":164,"column":2},"end":{"line":165,"column":3}},"line":164},"29":{"name":"(anonymous_29)","decl":{"start":{"line":166,"column":2},"end":{"line":166,"column":3}},"loc":{"start":{"line":167,"column":2},"end":{"line":168,"column":3}},"line":167},"30":{"name":"(anonymous_30)","decl":{"start":{"line":169,"column":2},"end":{"line":169,"column":3}},"loc":{"start":{"line":169,"column":11},"end":{"line":171,"column":3}},"line":169},"31":{"name":"(anonymous_31)","decl":{"start":{"line":172,"column":2},"end":{"line":172,"column":3}},"loc":{"start":{"line":172,"column":12},"end":{"line":174,"column":3}},"line":172},"32":{"name":"(anonymous_32)","decl":{"start":{"line":176,"column":2},"end":{"line":176,"column":3}},"loc":{"start":{"line":177,"column":2},"end":{"line":178,"column":3}},"line":177},"33":{"name":"(anonymous_33)","decl":{"start":{"line":184,"column":2},"end":{"line":184,"column":3}},"loc":{"start":{"line":184,"column":16},"end":{"line":188,"column":6}},"line":184},"34":{"name":"(anonymous_34)","decl":{"start":{"line":190,"column":2},"end":{"line":190,"column":3}},"loc":{"start":{"line":190,"column":11},"end":{"line":192,"column":3}},"line":190},"35":{"name":"(anonymous_35)","decl":{"start":{"line":199,"column":2},"end":{"line":199,"column":3}},"loc":{"start":{"line":199,"column":16},"end":{"line":203,"column":5}},"line":199},"36":{"name":"(anonymous_36)","decl":{"start":{"line":204,"column":2},"end":{"line":204,"column":3}},"loc":{"start":{"line":204,"column":11},"end":{"line":206,"column":3}},"line":204},"37":{"name":"(anonymous_37)","decl":{"start":{"line":207,"column":2},"end":{"line":207,"column":3}},"loc":{"start":{"line":207,"column":9},"end":{"line":209,"column":3}},"line":207},"38":{"name":"(anonymous_38)","decl":{"start":{"line":210,"column":2},"end":{"line":210,"column":3}},"loc":{"start":{"line":210,"column":12},"end":{"line":212,"column":3}},"line":210},"39":{"name":"(anonymous_39)","decl":{"start":{"line":218,"column":2},"end":{"line":218,"column":3}},"loc":{"start":{"line":218,"column":16},"end":{"line":224,"column":5}},"line":218},"40":{"name":"(anonymous_40)","decl":{"start":{"line":225,"column":2},"end":{"line":225,"column":3}},"loc":{"start":{"line":225,"column":11},"end":{"line":227,"column":3}},"line":225},"41":{"name":"(anonymous_41)","decl":{"start":{"line":228,"column":2},"end":{"line":228,"column":3}},"loc":{"start":{"line":229,"column":2},"end":{"line":229,"column":23}},"line":229},"42":{"name":"(anonymous_42)","decl":{"start":{"line":230,"column":2},"end":{"line":230,"column":3}},"loc":{"start":{"line":231,"column":2},"end":{"line":231,"column":40}},"line":231},"43":{"name":"(anonymous_43)","decl":{"start":{"line":232,"column":2},"end":{"line":232,"column":3}},"loc":{"start":{"line":232,"column":18},"end":{"line":234,"column":3}},"line":232},"44":{"name":"(anonymous_44)","decl":{"start":{"line":236,"column":2},"end":{"line":236,"column":3}},"loc":{"start":{"line":236,"column":24},"end":{"line":238,"column":3}},"line":236},"45":{"name":"(anonymous_45)","decl":{"start":{"line":240,"column":2},"end":{"line":240,"column":3}},"loc":{"start":{"line":241,"column":2},"end":{"line":242,"column":3}},"line":241},"46":{"name":"(anonymous_46)","decl":{"start":{"line":244,"column":2},"end":{"line":244,"column":3}},"loc":{"start":{"line":244,"column":12},"end":{"line":246,"column":14}},"line":244}},"branchMap":{"0":{"loc":{"start":{"line":42,"column":14},"end":{"line":42,"column":112}},"type":"binary-expr","locations":[{"start":{"line":42,"column":15},"end":{"line":42,"column":35}},{"start":{"line":42,"column":42},"end":{"line":42,"column":62}},{"start":{"line":42,"column":69},"end":{"line":42,"column":89}},{"start":{"line":42,"column":94},"end":{"line":42,"column":112}}],"line":42},"1":{"loc":{"start":{"line":47,"column":14},"end":{"line":47,"column":112}},"type":"binary-expr","locations":[{"start":{"line":47,"column":15},"end":{"line":47,"column":35}},{"start":{"line":47,"column":42},"end":{"line":47,"column":62}},{"start":{"line":47,"column":69},"end":{"line":47,"column":89}},{"start":{"line":47,"column":94},"end":{"line":47,"column":112}}],"line":47},"2":{"loc":{"start":{"line":53,"column":13},"end":{"line":53,"column":84}},"type":"binary-expr","locations":[{"start":{"line":53,"column":14},"end":{"line":53,"column":34}},{"start":{"line":53,"column":41},"end":{"line":53,"column":61}},{"start":{"line":53,"column":66},"end":{"line":53,"column":84}}],"line":53},"3":{"loc":{"start":{"line":58,"column":13},"end":{"line":58,"column":137}},"type":"binary-expr","locations":[{"start":{"line":58,"column":14},"end":{"line":58,"column":33}},{"start":{"line":58,"column":40},"end":{"line":58,"column":60}},{"start":{"line":58,"column":67},"end":{"line":58,"column":87}},{"start":{"line":58,"column":94},"end":{"line":58,"column":114}},{"start":{"line":58,"column":119},"end":{"line":58,"column":137}}],"line":58},"4":{"loc":{"start":{"line":69,"column":6},"end":{"line":87,"column":7}},"type":"if","locations":[{"start":{"line":69,"column":6},"end":{"line":87,"column":7}},{"start":{"line":77,"column":11},"end":{"line":87,"column":7}}],"line":69},"5":{"loc":{"start":{"line":75,"column":15},"end":{"line":75,"column":104}},"type":"binary-expr","locations":[{"start":{"line":75,"column":15},"end":{"line":75,"column":37}},{"start":{"line":75,"column":40},"end":{"line":75,"column":60}},{"start":{"line":75,"column":63},"end":{"line":75,"column":78}},{"start":{"line":75,"column":83},"end":{"line":75,"column":103}}],"line":75},"6":{"loc":{"start":{"line":77,"column":11},"end":{"line":87,"column":7}},"type":"if","locations":[{"start":{"line":77,"column":11},"end":{"line":87,"column":7}},{"start":{"line":81,"column":11},"end":{"line":87,"column":7}}],"line":77},"7":{"loc":{"start":{"line":81,"column":11},"end":{"line":87,"column":7}},"type":"if","locations":[{"start":{"line":81,"column":11},"end":{"line":87,"column":7}},{"start":{},"end":{}}],"line":81},"8":{"loc":{"start":{"line":86,"column":14},"end":{"line":86,"column":109}},"type":"binary-expr","locations":[{"start":{"line":86,"column":14},"end":{"line":86,"column":36}},{"start":{"line":86,"column":39},"end":{"line":86,"column":59}},{"start":{"line":86,"column":62},"end":{"line":86,"column":77}},{"start":{"line":86,"column":82},"end":{"line":86,"column":108}}],"line":86},"9":{"loc":{"start":{"line":102,"column":4},"end":{"line":104,"column":5}},"type":"if","locations":[{"start":{"line":102,"column":4},"end":{"line":104,"column":5}},{"start":{},"end":{}}],"line":102}},"s":{"0":3,"1":200,"2":0,"3":0,"4":0,"5":188,"6":2,"7":188,"8":186,"9":564,"10":564,"11":553,"12":184,"13":184,"14":182,"15":182,"16":185,"17":185,"18":2,"19":2,"20":185,"21":185,"22":182,"23":182,"24":182,"25":182,"26":182,"27":3,"28":1,"29":1,"30":2,"31":2,"32":2,"33":2,"34":2,"35":2,"36":200,"37":200,"38":200,"39":200,"40":16,"41":16,"42":16,"43":16,"44":0,"45":16,"46":0,"47":0,"48":0,"49":188,"50":188,"51":188,"52":188,"53":188,"54":0,"55":0,"56":0,"57":188,"58":247,"59":245,"60":344,"61":0,"62":2,"63":60,"64":2,"65":2,"66":2,"67":2,"68":186,"69":186,"70":186,"71":183,"72":183,"73":60,"74":12,"75":12,"76":12,"77":12,"78":12,"79":1,"80":0,"81":0,"82":0,"83":0,"84":0,"85":2},"f":{"0":200,"1":0,"2":0,"3":188,"4":2,"5":188,"6":186,"7":564,"8":553,"9":184,"10":182,"11":185,"12":2,"13":185,"14":200,"15":16,"16":16,"17":0,"18":16,"19":0,"20":0,"21":0,"22":0,"23":188,"24":0,"25":0,"26":188,"27":247,"28":245,"29":344,"30":0,"31":2,"32":60,"33":2,"34":2,"35":186,"36":183,"37":183,"38":60,"39":12,"40":1,"41":0,"42":0,"43":0,"44":0,"45":0,"46":2},"b":{"0":[184,184,184,184],"1":[182,182,182,182],"2":[185,185,185],"3":[2,2,2,2,2],"4":[182,3],"5":[182,182,182,182],"6":[1,2],"7":[2,0],"8":[2,2,2,2],"9":[16,0]},"_coverageSchema":"1a1c01bbd47fc00a2c39e90264f33305004495a9","hash":"160e967c361efb7c802df6c5561f551e1b61e12c"}
}
