{"C:\\Users\\Mariela Mascelloni\\Desktop\\Practico\\funciones.js": {"path":"C:\\Users\\Mariela Mascelloni\\Desktop\\Practico\\funciones.js","statementMap":{"0":{"start":{"line":10,"column":15},"end":{"line":10,"column":23}},"1":{"start":{"line":11,"column":2},"end":{"line":11,"column":17}},"2":{"start":{"line":14,"column":2},"end":{"line":14,"column":27}},"3":{"start":{"line":18,"column":14},"end":{"line":18,"column":37}},"4":{"start":{"line":19,"column":2},"end":{"line":19,"column":105}},"5":{"start":{"line":23,"column":14},"end":{"line":23,"column":37}},"6":{"start":{"line":24,"column":2},"end":{"line":24,"column":77}},"7":{"start":{"line":28,"column":14},"end":{"line":28,"column":37}},"8":{"start":{"line":29,"column":2},"end":{"line":29,"column":130}},"9":{"start":{"line":32,"column":1},"end":{"line":32,"column":30}},"10":{"start":{"line":35,"column":1},"end":{"line":35,"column":32}},"11":{"start":{"line":38,"column":1},"end":{"line":38,"column":31}},"12":{"start":{"line":43,"column":4},"end":{"line":48,"column":23}},"13":{"start":{"line":44,"column":21},"end":{"line":44,"column":47}},"14":{"start":{"line":45,"column":9},"end":{"line":45,"column":23}},"15":{"start":{"line":47,"column":20},"end":{"line":47,"column":49}},"16":{"start":{"line":48,"column":8},"end":{"line":48,"column":22}},"17":{"start":{"line":52,"column":23},"end":{"line":52,"column":87}},"18":{"start":{"line":53,"column":29},"end":{"line":53,"column":46}},"19":{"start":{"line":54,"column":17},"end":{"line":54,"column":19}},"20":{"start":{"line":55,"column":4},"end":{"line":57,"column":5}},"21":{"start":{"line":55,"column":17},"end":{"line":55,"column":18}},"22":{"start":{"line":56,"column":8},"end":{"line":56,"column":82}},"23":{"start":{"line":58,"column":3},"end":{"line":58,"column":17}}},"fnMap":{"0":{"name":"generateUUID","decl":{"start":{"line":9,"column":9},"end":{"line":9,"column":21}},"loc":{"start":{"line":9,"column":24},"end":{"line":12,"column":2}},"line":9},"1":{"name":"EsUUID","decl":{"start":{"line":13,"column":9},"end":{"line":13,"column":15}},"loc":{"start":{"line":14,"column":0},"end":{"line":15,"column":1}},"line":14},"2":{"name":"EsFormatoId","decl":{"start":{"line":16,"column":9},"end":{"line":16,"column":20}},"loc":{"start":{"line":17,"column":0},"end":{"line":20,"column":1}},"line":17},"3":{"name":"EsFormatoOUT","decl":{"start":{"line":21,"column":9},"end":{"line":21,"column":21}},"loc":{"start":{"line":22,"column":0},"end":{"line":25,"column":1}},"line":22},"4":{"name":"EsFormatoToken","decl":{"start":{"line":26,"column":9},"end":{"line":26,"column":23}},"loc":{"start":{"line":27,"column":0},"end":{"line":30,"column":1}},"line":27},"5":{"name":"CrearOUT","decl":{"start":{"line":31,"column":9},"end":{"line":31,"column":17}},"loc":{"start":{"line":32,"column":0},"end":{"line":33,"column":1}},"line":32},"6":{"name":"CrearToken","decl":{"start":{"line":34,"column":9},"end":{"line":34,"column":19}},"loc":{"start":{"line":35,"column":0},"end":{"line":36,"column":1}},"line":35},"7":{"name":"CrearId","decl":{"start":{"line":37,"column":9},"end":{"line":37,"column":16}},"loc":{"start":{"line":38,"column":0},"end":{"line":39,"column":1}},"line":38},"8":{"name":"CalcularHash","decl":{"start":{"line":41,"column":9},"end":{"line":41,"column":21}},"loc":{"start":{"line":41,"column":32},"end":{"line":50,"column":5}},"line":41},"9":{"name":"GenerarStrAleatorio","decl":{"start":{"line":51,"column":9},"end":{"line":51,"column":28}},"loc":{"start":{"line":52,"column":2},"end":{"line":59,"column":3}},"line":52}},"branchMap":{"0":{"loc":{"start":{"line":19,"column":10},"end":{"line":19,"column":103}},"type":"binary-expr","locations":[{"start":{"line":19,"column":11},"end":{"line":19,"column":31}},{"start":{"line":19,"column":38},"end":{"line":19,"column":58}},{"start":{"line":19,"column":65},"end":{"line":19,"column":85}},{"start":{"line":19,"column":90},"end":{"line":19,"column":103}}],"line":19},"1":{"loc":{"start":{"line":24,"column":9},"end":{"line":24,"column":75}},"type":"binary-expr","locations":[{"start":{"line":24,"column":10},"end":{"line":24,"column":30}},{"start":{"line":24,"column":37},"end":{"line":24,"column":57}},{"start":{"line":24,"column":62},"end":{"line":24,"column":75}}],"line":24},"2":{"loc":{"start":{"line":29,"column":9},"end":{"line":29,"column":128}},"type":"binary-expr","locations":[{"start":{"line":29,"column":10},"end":{"line":29,"column":29}},{"start":{"line":29,"column":36},"end":{"line":29,"column":56}},{"start":{"line":29,"column":63},"end":{"line":29,"column":83}},{"start":{"line":29,"column":90},"end":{"line":29,"column":110}},{"start":{"line":29,"column":115},"end":{"line":29,"column":128}}],"line":29},"3":{"loc":{"start":{"line":43,"column":4},"end":{"line":48,"column":23}},"type":"if","locations":[{"start":{"line":43,"column":4},"end":{"line":48,"column":23}},{"start":{"line":47,"column":7},"end":{"line":48,"column":23}}],"line":43}},"s":{"0":513,"1":513,"2":559,"3":370,"4":370,"5":187,"6":187,"7":2,"8":2,"9":191,"10":2,"11":320,"12":393,"13":25,"14":25,"15":368,"16":368,"17":189,"18":189,"19":189,"20":189,"21":189,"22":2268,"23":189},"f":{"0":513,"1":559,"2":370,"3":187,"4":2,"5":191,"6":2,"7":320,"8":393,"9":189},"b":{"0":[370,370,370,370],"1":[187,187,187],"2":[2,2,2,2,2],"3":[25,368]},"_coverageSchema":"1a1c01bbd47fc00a2c39e90264f33305004495a9","hash":"cff59c34ace38613ed1a121e746ae8488ccef603"}
,"C:\\Users\\Mariela Mascelloni\\Desktop\\Practico\\clases\\BlockChain.js": {"path":"C:\\Users\\Mariela Mascelloni\\Desktop\\Practico\\clases\\BlockChain.js","statementMap":{"0":{"start":{"line":4,"column":17},"end":{"line":4,"column":20}},"1":{"start":{"line":16,"column":6},"end":{"line":16,"column":32}},"2":{"start":{"line":17,"column":6},"end":{"line":17,"column":35}},"3":{"start":{"line":18,"column":6},"end":{"line":18,"column":28}},"4":{"start":{"line":23,"column":24},"end":{"line":23,"column":53}},"5":{"start":{"line":24,"column":9},"end":{"line":27,"column":32}},"6":{"start":{"line":25,"column":14},"end":{"line":25,"column":28}},"7":{"start":{"line":27,"column":14},"end":{"line":27,"column":31}},"8":{"start":{"line":33,"column":14},"end":{"line":33,"column":17}},"9":{"start":{"line":34,"column":5},"end":{"line":39,"column":39}},"10":{"start":{"line":35,"column":16},"end":{"line":35,"column":30}},"11":{"start":{"line":36,"column":6},"end":{"line":36,"column":39}},"12":{"start":{"line":38,"column":16},"end":{"line":38,"column":33}},"13":{"start":{"line":39,"column":6},"end":{"line":39,"column":38}},"14":{"start":{"line":40,"column":4},"end":{"line":40,"column":17}},"15":{"start":{"line":43,"column":9},"end":{"line":43,"column":39}},"16":{"start":{"line":47,"column":9},"end":{"line":47,"column":43}},"17":{"start":{"line":52,"column":9},"end":{"line":52,"column":41}},"18":{"start":{"line":56,"column":9},"end":{"line":56,"column":36}},"19":{"start":{"line":63,"column":10},"end":{"line":63,"column":109}},"20":{"start":{"line":63,"column":59},"end":{"line":63,"column":107}},"21":{"start":{"line":68,"column":12},"end":{"line":68,"column":54}}},"fnMap":{"0":{"name":"(anonymous_0)","decl":{"start":{"line":15,"column":4},"end":{"line":15,"column":5}},"loc":{"start":{"line":15,"column":18},"end":{"line":20,"column":5}},"line":15},"1":{"name":"(anonymous_1)","decl":{"start":{"line":22,"column":4},"end":{"line":22,"column":5}},"loc":{"start":{"line":23,"column":8},"end":{"line":30,"column":9}},"line":23},"2":{"name":"(anonymous_2)","decl":{"start":{"line":32,"column":4},"end":{"line":32,"column":5}},"loc":{"start":{"line":32,"column":27},"end":{"line":41,"column":5}},"line":32},"3":{"name":"(anonymous_3)","decl":{"start":{"line":42,"column":4},"end":{"line":42,"column":5}},"loc":{"start":{"line":43,"column":8},"end":{"line":44,"column":9}},"line":43},"4":{"name":"(anonymous_4)","decl":{"start":{"line":46,"column":4},"end":{"line":46,"column":5}},"loc":{"start":{"line":47,"column":8},"end":{"line":48,"column":9}},"line":47},"5":{"name":"(anonymous_5)","decl":{"start":{"line":51,"column":4},"end":{"line":51,"column":5}},"loc":{"start":{"line":52,"column":8},"end":{"line":53,"column":10}},"line":52},"6":{"name":"(anonymous_6)","decl":{"start":{"line":55,"column":4},"end":{"line":55,"column":5}},"loc":{"start":{"line":56,"column":8},"end":{"line":57,"column":9}},"line":56},"7":{"name":"(anonymous_7)","decl":{"start":{"line":60,"column":4},"end":{"line":60,"column":5}},"loc":{"start":{"line":60,"column":36},"end":{"line":64,"column":11}},"line":60},"8":{"name":"(anonymous_8)","decl":{"start":{"line":63,"column":48},"end":{"line":63,"column":49}},"loc":{"start":{"line":63,"column":59},"end":{"line":63,"column":107}},"line":63},"9":{"name":"(anonymous_9)","decl":{"start":{"line":67,"column":4},"end":{"line":67,"column":5}},"loc":{"start":{"line":68,"column":8},"end":{"line":69,"column":9}},"line":68}},"branchMap":{"0":{"loc":{"start":{"line":24,"column":9},"end":{"line":27,"column":32}},"type":"if","locations":[{"start":{"line":24,"column":9},"end":{"line":27,"column":32}},{"start":{"line":27,"column":13},"end":{"line":27,"column":32}}],"line":24},"1":{"loc":{"start":{"line":34,"column":5},"end":{"line":39,"column":39}},"type":"if","locations":[{"start":{"line":34,"column":5},"end":{"line":39,"column":39}},{"start":{"line":38,"column":5},"end":{"line":39,"column":39}}],"line":34}},"s":{"0":3,"1":25,"2":25,"3":25,"4":12,"5":12,"6":4,"7":8,"8":377,"9":377,"10":25,"11":25,"12":352,"13":352,"14":377,"15":1,"16":31,"17":14,"18":14,"19":0,"20":0,"21":30},"f":{"0":25,"1":12,"2":377,"3":1,"4":31,"5":14,"6":14,"7":0,"8":0,"9":30},"b":{"0":[4,8],"1":[25,352]},"_coverageSchema":"1a1c01bbd47fc00a2c39e90264f33305004495a9","hash":"16ea5e8d9ba88faded7c12489e41ad26a4e9e1b7"}
,"C:\\Users\\Mariela Mascelloni\\Desktop\\Practico\\clases\\Bloque.js": {"path":"C:\\Users\\Mariela Mascelloni\\Desktop\\Practico\\clases\\Bloque.js","statementMap":{"0":{"start":{"line":9,"column":6},"end":{"line":9,"column":28}},"1":{"start":{"line":10,"column":6},"end":{"line":10,"column":23}},"2":{"start":{"line":11,"column":6},"end":{"line":11,"column":23}},"3":{"start":{"line":12,"column":6},"end":{"line":12,"column":28}},"4":{"start":{"line":13,"column":6},"end":{"line":13,"column":24}},"5":{"start":{"line":17,"column":4},"end":{"line":17,"column":27}},"6":{"start":{"line":19,"column":6},"end":{"line":19,"column":24}},"7":{"start":{"line":22,"column":4},"end":{"line":22,"column":22}},"8":{"start":{"line":24,"column":4},"end":{"line":24,"column":31}},"9":{"start":{"line":26,"column":6},"end":{"line":26,"column":28}},"10":{"start":{"line":29,"column":8},"end":{"line":29,"column":35}},"11":{"start":{"line":32,"column":10},"end":{"line":32,"column":25}},"12":{"start":{"line":35,"column":8},"end":{"line":35,"column":30}},"13":{"start":{"line":38,"column":5},"end":{"line":38,"column":35}},"14":{"start":{"line":41,"column":4},"end":{"line":41,"column":21}},"15":{"start":{"line":45,"column":6},"end":{"line":45,"column":39}},"16":{"start":{"line":49,"column":8},"end":{"line":49,"column":28}},"17":{"start":{"line":50,"column":19},"end":{"line":50,"column":114}},"18":{"start":{"line":50,"column":92},"end":{"line":50,"column":104}},"19":{"start":{"line":51,"column":29},"end":{"line":51,"column":52}},"20":{"start":{"line":52,"column":8},"end":{"line":52,"column":30}},"21":{"start":{"line":56,"column":6},"end":{"line":56,"column":31}},"22":{"start":{"line":62,"column":24},"end":{"line":62,"column":47}},"23":{"start":{"line":63,"column":24},"end":{"line":63,"column":33}},"24":{"start":{"line":64,"column":8},"end":{"line":64,"column":26}},"25":{"start":{"line":69,"column":17},"end":{"line":69,"column":31}},"26":{"start":{"line":70,"column":6},"end":{"line":70,"column":34}},"27":{"start":{"line":71,"column":6},"end":{"line":71,"column":25}},"28":{"start":{"line":72,"column":6},"end":{"line":74,"column":7}},"29":{"start":{"line":73,"column":18},"end":{"line":73,"column":41}},"30":{"start":{"line":80,"column":5},"end":{"line":80,"column":44}}},"fnMap":{"0":{"name":"(anonymous_0)","decl":{"start":{"line":8,"column":4},"end":{"line":8,"column":5}},"loc":{"start":{"line":8,"column":18},"end":{"line":14,"column":5}},"line":8},"1":{"name":"(anonymous_1)","decl":{"start":{"line":16,"column":3},"end":{"line":16,"column":4}},"loc":{"start":{"line":16,"column":18},"end":{"line":17,"column":28}},"line":16},"2":{"name":"(anonymous_2)","decl":{"start":{"line":18,"column":3},"end":{"line":18,"column":4}},"loc":{"start":{"line":19,"column":4},"end":{"line":20,"column":5}},"line":19},"3":{"name":"(anonymous_3)","decl":{"start":{"line":21,"column":3},"end":{"line":21,"column":4}},"loc":{"start":{"line":21,"column":13},"end":{"line":22,"column":23}},"line":21},"4":{"name":"(anonymous_4)","decl":{"start":{"line":23,"column":3},"end":{"line":23,"column":4}},"loc":{"start":{"line":23,"column":23},"end":{"line":24,"column":32}},"line":23},"5":{"name":"(anonymous_5)","decl":{"start":{"line":25,"column":3},"end":{"line":25,"column":4}},"loc":{"start":{"line":25,"column":18},"end":{"line":26,"column":29}},"line":25},"6":{"name":"(anonymous_6)","decl":{"start":{"line":28,"column":3},"end":{"line":28,"column":4}},"loc":{"start":{"line":28,"column":17},"end":{"line":30,"column":7}},"line":28},"7":{"name":"(anonymous_7)","decl":{"start":{"line":31,"column":3},"end":{"line":31,"column":4}},"loc":{"start":{"line":32,"column":8},"end":{"line":33,"column":9}},"line":32},"8":{"name":"(anonymous_8)","decl":{"start":{"line":34,"column":3},"end":{"line":34,"column":4}},"loc":{"start":{"line":35,"column":6},"end":{"line":35,"column":31}},"line":35},"9":{"name":"(anonymous_9)","decl":{"start":{"line":37,"column":3},"end":{"line":37,"column":4}},"loc":{"start":{"line":37,"column":26},"end":{"line":39,"column":4}},"line":37},"10":{"name":"(anonymous_10)","decl":{"start":{"line":40,"column":3},"end":{"line":40,"column":4}},"loc":{"start":{"line":40,"column":21},"end":{"line":42,"column":4}},"line":40},"11":{"name":"(anonymous_11)","decl":{"start":{"line":44,"column":2},"end":{"line":44,"column":3}},"loc":{"start":{"line":44,"column":30},"end":{"line":46,"column":4}},"line":44},"12":{"name":"(anonymous_12)","decl":{"start":{"line":48,"column":2},"end":{"line":48,"column":3}},"loc":{"start":{"line":48,"column":27},"end":{"line":54,"column":3}},"line":48},"13":{"name":"(anonymous_13)","decl":{"start":{"line":50,"column":86},"end":{"line":50,"column":87}},"loc":{"start":{"line":50,"column":92},"end":{"line":50,"column":104}},"line":50},"14":{"name":"(anonymous_14)","decl":{"start":{"line":55,"column":3},"end":{"line":55,"column":4}},"loc":{"start":{"line":55,"column":41},"end":{"line":57,"column":5}},"line":55},"15":{"name":"(anonymous_15)","decl":{"start":{"line":60,"column":3},"end":{"line":60,"column":4}},"loc":{"start":{"line":61,"column":6},"end":{"line":65,"column":7}},"line":61},"16":{"name":"(anonymous_16)","decl":{"start":{"line":68,"column":3},"end":{"line":68,"column":4}},"loc":{"start":{"line":68,"column":28},"end":{"line":76,"column":3}},"line":68},"17":{"name":"(anonymous_17)","decl":{"start":{"line":79,"column":3},"end":{"line":79,"column":4}},"loc":{"start":{"line":79,"column":39},"end":{"line":81,"column":4}},"line":79}},"branchMap":{"0":{"loc":{"start":{"line":72,"column":6},"end":{"line":74,"column":7}},"type":"if","locations":[{"start":{"line":72,"column":6},"end":{"line":74,"column":7}},{"start":{},"end":{}}],"line":72}},"s":{"0":23,"1":23,"2":23,"3":23,"4":23,"5":16,"6":16,"7":16,"8":16,"9":186,"10":16,"11":16,"12":16,"13":184,"14":184,"15":184,"16":16,"17":16,"18":160,"19":16,"20":16,"21":0,"22":0,"23":0,"24":0,"25":184,"26":184,"27":184,"28":184,"29":0,"30":0},"f":{"0":23,"1":16,"2":16,"3":16,"4":16,"5":186,"6":16,"7":16,"8":16,"9":184,"10":184,"11":184,"12":16,"13":160,"14":0,"15":0,"16":184,"17":0},"b":{"0":[0,184]},"_coverageSchema":"1a1c01bbd47fc00a2c39e90264f33305004495a9","hash":"3070409d37832f60c0339c21f34b25061792fd5f"}
,"C:\\Users\\Mariela Mascelloni\\Desktop\\Practico\\clases\\EstrategiaHashAbstracta.js": {"path":"C:\\Users\\Mariela Mascelloni\\Desktop\\Practico\\clases\\EstrategiaHashAbstracta.js","statementMap":{"0":{"start":{"line":7,"column":2},"end":{"line":7,"column":17}},"1":{"start":{"line":19,"column":5},"end":{"line":19,"column":13}},"2":{"start":{"line":20,"column":5},"end":{"line":20,"column":21}},"3":{"start":{"line":23,"column":16},"end":{"line":23,"column":39}},"4":{"start":{"line":24,"column":6},"end":{"line":24,"column":20}},"5":{"start":{"line":31,"column":6},"end":{"line":31,"column":14}},"6":{"start":{"line":32,"column":6},"end":{"line":32,"column":25}},"7":{"start":{"line":34,"column":16},"end":{"line":34,"column":39}},"8":{"start":{"line":35,"column":6},"end":{"line":35,"column":20}}},"fnMap":{"0":{"name":"(anonymous_0)","decl":{"start":{"line":6,"column":1},"end":{"line":6,"column":2}},"loc":{"start":{"line":6,"column":14},"end":{"line":8,"column":4}},"line":6},"1":{"name":"(anonymous_1)","decl":{"start":{"line":9,"column":2},"end":{"line":9,"column":3}},"loc":{"start":{"line":9,"column":15},"end":{"line":10,"column":5}},"line":9},"2":{"name":"(anonymous_2)","decl":{"start":{"line":11,"column":2},"end":{"line":11,"column":3}},"loc":{"start":{"line":11,"column":11},"end":{"line":12,"column":4}},"line":11},"3":{"name":"(anonymous_3)","decl":{"start":{"line":13,"column":2},"end":{"line":13,"column":3}},"loc":{"start":{"line":13,"column":15},"end":{"line":14,"column":3}},"line":13},"4":{"name":"(anonymous_4)","decl":{"start":{"line":18,"column":3},"end":{"line":18,"column":4}},"loc":{"start":{"line":19,"column":4},"end":{"line":21,"column":5}},"line":19},"5":{"name":"(anonymous_5)","decl":{"start":{"line":22,"column":4},"end":{"line":22,"column":5}},"loc":{"start":{"line":22,"column":26},"end":{"line":25,"column":5}},"line":22},"6":{"name":"(anonymous_6)","decl":{"start":{"line":30,"column":4},"end":{"line":30,"column":5}},"loc":{"start":{"line":30,"column":17},"end":{"line":32,"column":26}},"line":30},"7":{"name":"(anonymous_7)","decl":{"start":{"line":33,"column":4},"end":{"line":33,"column":5}},"loc":{"start":{"line":33,"column":26},"end":{"line":36,"column":5}},"line":33}},"branchMap":{},"s":{"0":377,"1":25,"2":25,"3":25,"4":25,"5":352,"6":352,"7":352,"8":352},"f":{"0":377,"1":0,"2":0,"3":0,"4":25,"5":25,"6":352,"7":352},"b":{},"_coverageSchema":"1a1c01bbd47fc00a2c39e90264f33305004495a9","hash":"b137cb5e9a791407c701ad992524c49856abeaef"}
,"C:\\Users\\Mariela Mascelloni\\Desktop\\Practico\\clases\\Nodo.js": {"path":"C:\\Users\\Mariela Mascelloni\\Desktop\\Practico\\clases\\Nodo.js","statementMap":{"0":{"start":{"line":13,"column":6},"end":{"line":13,"column":39}},"1":{"start":{"line":14,"column":6},"end":{"line":14,"column":21}},"2":{"start":{"line":15,"column":6},"end":{"line":15,"column":23}},"3":{"start":{"line":16,"column":6},"end":{"line":16,"column":30}},"4":{"start":{"line":19,"column":6},"end":{"line":19,"column":30}},"5":{"start":{"line":23,"column":6},"end":{"line":23,"column":25}},"6":{"start":{"line":26,"column":6},"end":{"line":26,"column":24}},"7":{"start":{"line":29,"column":6},"end":{"line":29,"column":33}},"8":{"start":{"line":32,"column":6},"end":{"line":32,"column":35}},"9":{"start":{"line":35,"column":6},"end":{"line":35,"column":21}},"10":{"start":{"line":38,"column":6},"end":{"line":38,"column":22}},"11":{"start":{"line":41,"column":6},"end":{"line":41,"column":29}},"12":{"start":{"line":45,"column":6},"end":{"line":45,"column":75}},"13":{"start":{"line":46,"column":19},"end":{"line":51,"column":22}},"14":{"start":{"line":52,"column":6},"end":{"line":52,"column":20}},"15":{"start":{"line":56,"column":20},"end":{"line":56,"column":46}},"16":{"start":{"line":57,"column":7},"end":{"line":57,"column":35}},"17":{"start":{"line":58,"column":7},"end":{"line":58,"column":22}},"18":{"start":{"line":59,"column":7},"end":{"line":59,"column":35}},"19":{"start":{"line":60,"column":7},"end":{"line":60,"column":20}},"20":{"start":{"line":65,"column":10},"end":{"line":65,"column":79}},"21":{"start":{"line":66,"column":23},"end":{"line":70,"column":30}},"22":{"start":{"line":71,"column":12},"end":{"line":71,"column":26}},"23":{"start":{"line":77,"column":8},"end":{"line":77,"column":27}},"24":{"start":{"line":81,"column":10},"end":{"line":89,"column":11}},"25":{"start":{"line":82,"column":11},"end":{"line":82,"column":52}},"26":{"start":{"line":83,"column":11},"end":{"line":83,"column":52}},"27":{"start":{"line":84,"column":11},"end":{"line":85,"column":28}},"28":{"start":{"line":85,"column":12},"end":{"line":85,"column":27}},"29":{"start":{"line":88,"column":12},"end":{"line":88,"column":28}},"30":{"start":{"line":96,"column":6},"end":{"line":96,"column":43}},"31":{"start":{"line":99,"column":4},"end":{"line":99,"column":28}},"32":{"start":{"line":103,"column":8},"end":{"line":120,"column":26}},"33":{"start":{"line":105,"column":28},"end":{"line":105,"column":51}},"34":{"start":{"line":107,"column":12},"end":{"line":107,"column":43}},"35":{"start":{"line":108,"column":12},"end":{"line":108,"column":52}},"36":{"start":{"line":109,"column":12},"end":{"line":109,"column":37}},"37":{"start":{"line":111,"column":14},"end":{"line":111,"column":62}},"38":{"start":{"line":112,"column":14},"end":{"line":112,"column":38}},"39":{"start":{"line":113,"column":14},"end":{"line":113,"column":73}},"40":{"start":{"line":116,"column":12},"end":{"line":116,"column":31}},"41":{"start":{"line":119,"column":13},"end":{"line":119,"column":44}},"42":{"start":{"line":120,"column":13},"end":{"line":120,"column":25}},"43":{"start":{"line":131,"column":18},"end":{"line":131,"column":33}},"44":{"start":{"line":132,"column":8},"end":{"line":155,"column":9}},"45":{"start":{"line":133,"column":20},"end":{"line":133,"column":34}},"46":{"start":{"line":134,"column":20},"end":{"line":134,"column":33}},"47":{"start":{"line":135,"column":20},"end":{"line":135,"column":35}},"48":{"start":{"line":136,"column":20},"end":{"line":136,"column":33}},"49":{"start":{"line":137,"column":23},"end":{"line":137,"column":72}},"50":{"start":{"line":138,"column":9},"end":{"line":138,"column":93}},"51":{"start":{"line":140,"column":13},"end":{"line":155,"column":9}},"52":{"start":{"line":141,"column":25},"end":{"line":141,"column":41}},"53":{"start":{"line":142,"column":25},"end":{"line":142,"column":48}},"54":{"start":{"line":143,"column":25},"end":{"line":143,"column":47}},"55":{"start":{"line":144,"column":25},"end":{"line":144,"column":34}},"56":{"start":{"line":145,"column":25},"end":{"line":145,"column":34}},"57":{"start":{"line":146,"column":9},"end":{"line":146,"column":32}},"58":{"start":{"line":148,"column":13},"end":{"line":155,"column":9}},"59":{"start":{"line":149,"column":20},"end":{"line":149,"column":34}},"60":{"start":{"line":150,"column":20},"end":{"line":150,"column":33}},"61":{"start":{"line":151,"column":20},"end":{"line":151,"column":35}},"62":{"start":{"line":152,"column":20},"end":{"line":152,"column":36}},"63":{"start":{"line":153,"column":22},"end":{"line":153,"column":71}},"64":{"start":{"line":154,"column":8},"end":{"line":154,"column":98}},"65":{"start":{"line":160,"column":8},"end":{"line":163,"column":24}},"66":{"start":{"line":161,"column":10},"end":{"line":161,"column":23}},"67":{"start":{"line":163,"column":10},"end":{"line":163,"column":23}},"68":{"start":{"line":167,"column":8},"end":{"line":169,"column":10}},"69":{"start":{"line":168,"column":10},"end":{"line":168,"column":50}},"70":{"start":{"line":175,"column":5},"end":{"line":181,"column":6}},"71":{"start":{"line":176,"column":7},"end":{"line":176,"column":47}},"72":{"start":{"line":177,"column":7},"end":{"line":177,"column":47}},"73":{"start":{"line":180,"column":7},"end":{"line":180,"column":68}},"74":{"start":{"line":186,"column":20},"end":{"line":186,"column":96}},"75":{"start":{"line":186,"column":57},"end":{"line":186,"column":95}},"76":{"start":{"line":191,"column":8},"end":{"line":191,"column":39}},"77":{"start":{"line":195,"column":19},"end":{"line":195,"column":31}},"78":{"start":{"line":196,"column":8},"end":{"line":196,"column":21}},"79":{"start":{"line":204,"column":19},"end":{"line":204,"column":34}},"80":{"start":{"line":205,"column":21},"end":{"line":205,"column":22}},"81":{"start":{"line":206,"column":6},"end":{"line":209,"column":12}},"82":{"start":{"line":207,"column":10},"end":{"line":208,"column":26}},"83":{"start":{"line":208,"column":11},"end":{"line":208,"column":25}},"84":{"start":{"line":211,"column":6},"end":{"line":211,"column":19}}},"fnMap":{"0":{"name":"(anonymous_0)","decl":{"start":{"line":12,"column":4},"end":{"line":12,"column":5}},"loc":{"start":{"line":12,"column":18},"end":{"line":17,"column":5}},"line":12},"1":{"name":"(anonymous_1)","decl":{"start":{"line":18,"column":4},"end":{"line":18,"column":5}},"loc":{"start":{"line":18,"column":19},"end":{"line":20,"column":5}},"line":18},"2":{"name":"(anonymous_2)","decl":{"start":{"line":22,"column":4},"end":{"line":22,"column":5}},"loc":{"start":{"line":23,"column":5},"end":{"line":24,"column":5}},"line":23},"3":{"name":"(anonymous_3)","decl":{"start":{"line":25,"column":4},"end":{"line":25,"column":5}},"loc":{"start":{"line":25,"column":13},"end":{"line":27,"column":5}},"line":25},"4":{"name":"(anonymous_4)","decl":{"start":{"line":28,"column":4},"end":{"line":28,"column":5}},"loc":{"start":{"line":28,"column":23},"end":{"line":30,"column":5}},"line":28},"5":{"name":"(anonymous_5)","decl":{"start":{"line":31,"column":4},"end":{"line":31,"column":5}},"loc":{"start":{"line":31,"column":26},"end":{"line":33,"column":5}},"line":31},"6":{"name":"(anonymous_6)","decl":{"start":{"line":34,"column":4},"end":{"line":34,"column":5}},"loc":{"start":{"line":34,"column":17},"end":{"line":36,"column":5}},"line":34},"7":{"name":"(anonymous_7)","decl":{"start":{"line":37,"column":4},"end":{"line":37,"column":5}},"loc":{"start":{"line":37,"column":15},"end":{"line":39,"column":5}},"line":37},"8":{"name":"(anonymous_8)","decl":{"start":{"line":40,"column":4},"end":{"line":40,"column":5}},"loc":{"start":{"line":40,"column":25},"end":{"line":42,"column":5}},"line":40},"9":{"name":"(anonymous_9)","decl":{"start":{"line":44,"column":3},"end":{"line":44,"column":4}},"loc":{"start":{"line":44,"column":78},"end":{"line":53,"column":7}},"line":44},"10":{"name":"(anonymous_10)","decl":{"start":{"line":55,"column":3},"end":{"line":55,"column":4}},"loc":{"start":{"line":55,"column":35},"end":{"line":61,"column":7}},"line":55},"11":{"name":"(anonymous_11)","decl":{"start":{"line":64,"column":3},"end":{"line":64,"column":4}},"loc":{"start":{"line":64,"column":75},"end":{"line":72,"column":8}},"line":64},"12":{"name":"(anonymous_12)","decl":{"start":{"line":76,"column":3},"end":{"line":76,"column":4}},"loc":{"start":{"line":76,"column":29},"end":{"line":78,"column":5}},"line":76},"13":{"name":"(anonymous_13)","decl":{"start":{"line":80,"column":3},"end":{"line":80,"column":4}},"loc":{"start":{"line":81,"column":8},"end":{"line":90,"column":9}},"line":81},"14":{"name":"(anonymous_14)","decl":{"start":{"line":95,"column":3},"end":{"line":95,"column":4}},"loc":{"start":{"line":96,"column":5},"end":{"line":97,"column":6}},"line":96},"15":{"name":"(anonymous_15)","decl":{"start":{"line":98,"column":3},"end":{"line":98,"column":4}},"loc":{"start":{"line":99,"column":3},"end":{"line":100,"column":4}},"line":99},"16":{"name":"(anonymous_16)","decl":{"start":{"line":102,"column":3},"end":{"line":102,"column":4}},"loc":{"start":{"line":102,"column":40},"end":{"line":121,"column":7}},"line":102},"17":{"name":"(anonymous_17)","decl":{"start":{"line":125,"column":3},"end":{"line":125,"column":4}},"loc":{"start":{"line":125,"column":45},"end":{"line":156,"column":9}},"line":125},"18":{"name":"(anonymous_18)","decl":{"start":{"line":158,"column":3},"end":{"line":158,"column":4}},"loc":{"start":{"line":158,"column":35},"end":{"line":164,"column":7}},"line":158},"19":{"name":"(anonymous_19)","decl":{"start":{"line":166,"column":3},"end":{"line":166,"column":4}},"loc":{"start":{"line":166,"column":36},"end":{"line":170,"column":9}},"line":166},"20":{"name":"(anonymous_20)","decl":{"start":{"line":174,"column":3},"end":{"line":174,"column":4}},"loc":{"start":{"line":175,"column":3},"end":{"line":182,"column":4}},"line":175},"21":{"name":"(anonymous_21)","decl":{"start":{"line":184,"column":3},"end":{"line":184,"column":4}},"loc":{"start":{"line":184,"column":27},"end":{"line":187,"column":9}},"line":184},"22":{"name":"(anonymous_22)","decl":{"start":{"line":186,"column":49},"end":{"line":186,"column":50}},"loc":{"start":{"line":186,"column":57},"end":{"line":186,"column":95}},"line":186},"23":{"name":"(anonymous_23)","decl":{"start":{"line":190,"column":3},"end":{"line":190,"column":4}},"loc":{"start":{"line":190,"column":42},"end":{"line":192,"column":9}},"line":190},"24":{"name":"(anonymous_24)","decl":{"start":{"line":194,"column":3},"end":{"line":194,"column":4}},"loc":{"start":{"line":194,"column":22},"end":{"line":197,"column":9}},"line":194},"25":{"name":"(anonymous_25)","decl":{"start":{"line":200,"column":3},"end":{"line":200,"column":4}},"loc":{"start":{"line":204,"column":4},"end":{"line":213,"column":5}},"line":204},"26":{"name":"(anonymous_26)","decl":{"start":{"line":206,"column":58},"end":{"line":206,"column":59}},"loc":{"start":{"line":206,"column":66},"end":{"line":208,"column":28}},"line":206}},"branchMap":{"0":{"loc":{"start":{"line":81,"column":10},"end":{"line":89,"column":11}},"type":"if","locations":[{"start":{"line":81,"column":10},"end":{"line":89,"column":11}},{"start":{"line":88,"column":10},"end":{"line":89,"column":11}}],"line":81},"1":{"loc":{"start":{"line":84,"column":11},"end":{"line":85,"column":28}},"type":"if","locations":[{"start":{"line":84,"column":11},"end":{"line":85,"column":28}},{"start":{},"end":{}}],"line":84},"2":{"loc":{"start":{"line":103,"column":8},"end":{"line":120,"column":26}},"type":"if","locations":[{"start":{"line":103,"column":8},"end":{"line":120,"column":26}},{"start":{"line":119,"column":11},"end":{"line":120,"column":26}}],"line":103},"3":{"loc":{"start":{"line":132,"column":8},"end":{"line":155,"column":9}},"type":"if","locations":[{"start":{"line":132,"column":8},"end":{"line":155,"column":9}},{"start":{"line":140,"column":13},"end":{"line":155,"column":9}}],"line":132},"4":{"loc":{"start":{"line":138,"column":17},"end":{"line":138,"column":91}},"type":"binary-expr","locations":[{"start":{"line":138,"column":17},"end":{"line":138,"column":34}},{"start":{"line":138,"column":37},"end":{"line":138,"column":52}},{"start":{"line":138,"column":55},"end":{"line":138,"column":70}},{"start":{"line":138,"column":75},"end":{"line":138,"column":90}}],"line":138},"5":{"loc":{"start":{"line":140,"column":13},"end":{"line":155,"column":9}},"type":"if","locations":[{"start":{"line":140,"column":13},"end":{"line":155,"column":9}},{"start":{"line":148,"column":13},"end":{"line":155,"column":9}}],"line":140},"6":{"loc":{"start":{"line":148,"column":13},"end":{"line":155,"column":9}},"type":"if","locations":[{"start":{"line":148,"column":13},"end":{"line":155,"column":9}},{"start":{},"end":{}}],"line":148},"7":{"loc":{"start":{"line":154,"column":16},"end":{"line":154,"column":96}},"type":"binary-expr","locations":[{"start":{"line":154,"column":16},"end":{"line":154,"column":33}},{"start":{"line":154,"column":36},"end":{"line":154,"column":51}},{"start":{"line":154,"column":54},"end":{"line":154,"column":69}},{"start":{"line":154,"column":74},"end":{"line":154,"column":95}}],"line":154},"8":{"loc":{"start":{"line":160,"column":8},"end":{"line":163,"column":24}},"type":"if","locations":[{"start":{"line":160,"column":8},"end":{"line":163,"column":24}},{"start":{"line":163,"column":9},"end":{"line":163,"column":24}}],"line":160},"9":{"loc":{"start":{"line":167,"column":8},"end":{"line":169,"column":10}},"type":"if","locations":[{"start":{"line":167,"column":8},"end":{"line":169,"column":10}},{"start":{},"end":{}}],"line":167},"10":{"loc":{"start":{"line":175,"column":5},"end":{"line":181,"column":6}},"type":"if","locations":[{"start":{"line":175,"column":5},"end":{"line":181,"column":6}},{"start":{"line":180,"column":5},"end":{"line":181,"column":6}}],"line":175},"11":{"loc":{"start":{"line":207,"column":10},"end":{"line":208,"column":26}},"type":"if","locations":[{"start":{"line":207,"column":10},"end":{"line":208,"column":26}},{"start":{},"end":{}}],"line":207}},"s":{"0":13,"1":13,"2":13,"3":13,"4":377,"5":62,"6":0,"7":16,"8":0,"9":18,"10":5,"11":0,"12":2,"13":2,"14":2,"15":3,"16":3,"17":3,"18":3,"19":3,"20":189,"21":189,"22":189,"23":2,"24":16,"25":14,"26":14,"27":14,"28":3,"29":2,"30":12,"31":16,"32":184,"33":16,"34":16,"35":16,"36":16,"37":16,"38":16,"39":16,"40":16,"41":168,"42":168,"43":189,"44":189,"45":184,"46":184,"47":184,"48":184,"49":184,"50":184,"51":5,"52":3,"53":3,"54":3,"55":3,"56":3,"57":3,"58":2,"59":2,"60":2,"61":2,"62":2,"63":2,"64":2,"65":0,"66":0,"67":0,"68":0,"69":0,"70":0,"71":0,"72":0,"73":0,"74":16,"75":0,"76":16,"77":16,"78":16,"79":1,"80":1,"81":1,"82":1,"83":1,"84":1},"f":{"0":13,"1":377,"2":62,"3":0,"4":16,"5":0,"6":18,"7":5,"8":0,"9":2,"10":3,"11":189,"12":2,"13":16,"14":12,"15":16,"16":184,"17":189,"18":0,"19":0,"20":0,"21":16,"22":0,"23":16,"24":16,"25":1,"26":1},"b":{"0":[14,2],"1":[3,11],"2":[16,168],"3":[184,5],"4":[184,184,184,184],"5":[3,2],"6":[2,0],"7":[2,2,2,2],"8":[0,0],"9":[0,0],"10":[0,0],"11":[1,0]},"_coverageSchema":"1a1c01bbd47fc00a2c39e90264f33305004495a9","hash":"39730b82400f02a1ebae310d825fa28c09e13c96"}
,"C:\\Users\\Mariela Mascelloni\\Desktop\\Practico\\clases\\TransaccionAbstracta.js": {"path":"C:\\Users\\Mariela Mascelloni\\Desktop\\Practico\\clases\\TransaccionAbstracta.js","statementMap":{"0":{"start":{"line":8,"column":6},"end":{"line":8,"column":41}},"1":{"start":{"line":15,"column":3},"end":{"line":15,"column":22}},"2":{"start":{"line":23,"column":4},"end":{"line":23,"column":12}},"3":{"start":{"line":24,"column":4},"end":{"line":24,"column":22}},"4":{"start":{"line":25,"column":4},"end":{"line":25,"column":17}},"5":{"start":{"line":26,"column":4},"end":{"line":26,"column":21}},"6":{"start":{"line":27,"column":4},"end":{"line":27,"column":33}},"7":{"start":{"line":31,"column":3},"end":{"line":31,"column":20}},"8":{"start":{"line":36,"column":3},"end":{"line":36,"column":65}},"9":{"start":{"line":40,"column":3},"end":{"line":40,"column":20}},"10":{"start":{"line":43,"column":3},"end":{"line":43,"column":19}},"11":{"start":{"line":46,"column":3},"end":{"line":46,"column":21}},"12":{"start":{"line":49,"column":4},"end":{"line":49,"column":22}},"13":{"start":{"line":52,"column":4},"end":{"line":52,"column":21}},"14":{"start":{"line":57,"column":3},"end":{"line":57,"column":17}},"15":{"start":{"line":66,"column":4},"end":{"line":66,"column":36}},"16":{"start":{"line":67,"column":4},"end":{"line":67,"column":24}},"17":{"start":{"line":68,"column":4},"end":{"line":68,"column":27}},"18":{"start":{"line":73,"column":4},"end":{"line":73,"column":22}},"19":{"start":{"line":81,"column":4},"end":{"line":81,"column":36}},"20":{"start":{"line":82,"column":4},"end":{"line":82,"column":20}},"21":{"start":{"line":83,"column":4},"end":{"line":83,"column":36}},"22":{"start":{"line":87,"column":4},"end":{"line":87,"column":22}},"23":{"start":{"line":90,"column":4},"end":{"line":90,"column":20}},"24":{"start":{"line":98,"column":4},"end":{"line":98,"column":12}},"25":{"start":{"line":99,"column":4},"end":{"line":99,"column":18}},"26":{"start":{"line":100,"column":4},"end":{"line":100,"column":29}},"27":{"start":{"line":101,"column":4},"end":{"line":101,"column":26}},"28":{"start":{"line":102,"column":4},"end":{"line":102,"column":39}},"29":{"start":{"line":105,"column":4},"end":{"line":105,"column":22}},"30":{"start":{"line":108,"column":4},"end":{"line":108,"column":22}},"31":{"start":{"line":110,"column":4},"end":{"line":110,"column":34}},"32":{"start":{"line":112,"column":4},"end":{"line":112,"column":29}},"33":{"start":{"line":115,"column":4},"end":{"line":115,"column":26}},"34":{"start":{"line":119,"column":15},"end":{"line":119,"column":37}},"35":{"start":{"line":120,"column":4},"end":{"line":120,"column":26}},"36":{"start":{"line":124,"column":15},"end":{"line":124,"column":37}},"37":{"start":{"line":125,"column":4},"end":{"line":125,"column":37}},"38":{"start":{"line":136,"column":19},"end":{"line":136,"column":30}},"39":{"start":{"line":137,"column":19},"end":{"line":137,"column":30}},"40":{"start":{"line":138,"column":19},"end":{"line":138,"column":30}},"41":{"start":{"line":139,"column":19},"end":{"line":139,"column":20}},"42":{"start":{"line":140,"column":4},"end":{"line":141,"column":13}},"43":{"start":{"line":141,"column":5},"end":{"line":141,"column":12}},"44":{"start":{"line":142,"column":4},"end":{"line":148,"column":4}},"45":{"start":{"line":142,"column":17},"end":{"line":142,"column":18}},"46":{"start":{"line":143,"column":6},"end":{"line":143,"column":19}},"47":{"start":{"line":144,"column":6},"end":{"line":146,"column":5}},"48":{"start":{"line":145,"column":9},"end":{"line":145,"column":30}},"49":{"start":{"line":147,"column":4},"end":{"line":147,"column":16}},"50":{"start":{"line":149,"column":3},"end":{"line":150,"column":12}},"51":{"start":{"line":150,"column":4},"end":{"line":150,"column":11}},"52":{"start":{"line":151,"column":3},"end":{"line":157,"column":4}},"53":{"start":{"line":151,"column":16},"end":{"line":151,"column":17}},"54":{"start":{"line":152,"column":6},"end":{"line":152,"column":20}},"55":{"start":{"line":153,"column":6},"end":{"line":155,"column":7}},"56":{"start":{"line":154,"column":9},"end":{"line":154,"column":30}},"57":{"start":{"line":156,"column":6},"end":{"line":156,"column":18}},"58":{"start":{"line":159,"column":3},"end":{"line":160,"column":12}},"59":{"start":{"line":160,"column":4},"end":{"line":160,"column":11}},"60":{"start":{"line":161,"column":3},"end":{"line":168,"column":4}},"61":{"start":{"line":161,"column":16},"end":{"line":161,"column":17}},"62":{"start":{"line":162,"column":6},"end":{"line":162,"column":20}},"63":{"start":{"line":163,"column":6},"end":{"line":163,"column":14}},"64":{"start":{"line":164,"column":6},"end":{"line":166,"column":7}},"65":{"start":{"line":165,"column":9},"end":{"line":165,"column":31}},"66":{"start":{"line":167,"column":6},"end":{"line":167,"column":18}},"67":{"start":{"line":170,"column":3},"end":{"line":171,"column":12}},"68":{"start":{"line":171,"column":4},"end":{"line":171,"column":11}},"69":{"start":{"line":172,"column":3},"end":{"line":175,"column":4}},"70":{"start":{"line":172,"column":16},"end":{"line":172,"column":17}},"71":{"start":{"line":173,"column":6},"end":{"line":173,"column":20}},"72":{"start":{"line":174,"column":6},"end":{"line":174,"column":18}},"73":{"start":{"line":177,"column":3},"end":{"line":177,"column":27}},"74":{"start":{"line":184,"column":15},"end":{"line":184,"column":17}},"75":{"start":{"line":185,"column":12},"end":{"line":185,"column":13}},"76":{"start":{"line":186,"column":18},"end":{"line":186,"column":19}},"77":{"start":{"line":187,"column":19},"end":{"line":187,"column":20}},"78":{"start":{"line":188,"column":14},"end":{"line":188,"column":15}},"79":{"start":{"line":189,"column":3},"end":{"line":189,"column":13}},"80":{"start":{"line":190,"column":15},"end":{"line":203,"column":7}},"81":{"start":{"line":192,"column":12},"end":{"line":192,"column":23}},"82":{"start":{"line":193,"column":12},"end":{"line":201,"column":21}},"83":{"start":{"line":194,"column":16},"end":{"line":194,"column":34}},"84":{"start":{"line":195,"column":16},"end":{"line":195,"column":30}},"85":{"start":{"line":196,"column":32},"end":{"line":196,"column":72}},"86":{"start":{"line":197,"column":16},"end":{"line":197,"column":38}},"87":{"start":{"line":198,"column":16},"end":{"line":198,"column":50}},"88":{"start":{"line":199,"column":16},"end":{"line":200,"column":38}},"89":{"start":{"line":200,"column":20},"end":{"line":200,"column":37}},"90":{"start":{"line":201,"column":16},"end":{"line":201,"column":20}},"91":{"start":{"line":204,"column":4},"end":{"line":205,"column":18}},"92":{"start":{"line":205,"column":7},"end":{"line":205,"column":17}},"93":{"start":{"line":206,"column":5},"end":{"line":206,"column":29}},"94":{"start":{"line":213,"column":20},"end":{"line":213,"column":31}},"95":{"start":{"line":214,"column":20},"end":{"line":214,"column":31}},"96":{"start":{"line":215,"column":20},"end":{"line":215,"column":31}},"97":{"start":{"line":216,"column":20},"end":{"line":216,"column":31}},"98":{"start":{"line":217,"column":20},"end":{"line":217,"column":21}},"99":{"start":{"line":218,"column":17},"end":{"line":227,"column":9}},"100":{"start":{"line":220,"column":14},"end":{"line":225,"column":56}},"101":{"start":{"line":221,"column":17},"end":{"line":221,"column":34}},"102":{"start":{"line":222,"column":17},"end":{"line":222,"column":21}},"103":{"start":{"line":224,"column":14},"end":{"line":225,"column":56}},"104":{"start":{"line":225,"column":22},"end":{"line":225,"column":55}},"105":{"start":{"line":229,"column":8},"end":{"line":238,"column":10}},"106":{"start":{"line":229,"column":21},"end":{"line":229,"column":22}},"107":{"start":{"line":230,"column":10},"end":{"line":230,"column":23}},"108":{"start":{"line":231,"column":10},"end":{"line":236,"column":49}},"109":{"start":{"line":232,"column":13},"end":{"line":232,"column":34}},"110":{"start":{"line":235,"column":10},"end":{"line":236,"column":49}},"111":{"start":{"line":236,"column":18},"end":{"line":236,"column":48}},"112":{"start":{"line":240,"column":9},"end":{"line":249,"column":10}},"113":{"start":{"line":240,"column":22},"end":{"line":240,"column":23}},"114":{"start":{"line":241,"column":10},"end":{"line":241,"column":24}},"115":{"start":{"line":242,"column":10},"end":{"line":247,"column":49}},"116":{"start":{"line":246,"column":10},"end":{"line":247,"column":49}},"117":{"start":{"line":247,"column":18},"end":{"line":247,"column":48}}},"fnMap":{"0":{"name":"(anonymous_0)","decl":{"start":{"line":7,"column":2},"end":{"line":7,"column":3}},"loc":{"start":{"line":7,"column":16},"end":{"line":9,"column":9}},"line":7},"1":{"name":"(anonymous_1)","decl":{"start":{"line":11,"column":2},"end":{"line":11,"column":3}},"loc":{"start":{"line":11,"column":24},"end":{"line":12,"column":3}},"line":11},"2":{"name":"(anonymous_2)","decl":{"start":{"line":14,"column":2},"end":{"line":14,"column":3}},"loc":{"start":{"line":14,"column":11},"end":{"line":16,"column":3}},"line":14},"3":{"name":"(anonymous_3)","decl":{"start":{"line":22,"column":2},"end":{"line":22,"column":3}},"loc":{"start":{"line":22,"column":40},"end":{"line":28,"column":6}},"line":22},"4":{"name":"(anonymous_4)","decl":{"start":{"line":29,"column":2},"end":{"line":29,"column":3}},"loc":{"start":{"line":29,"column":29},"end":{"line":32,"column":3}},"line":29},"5":{"name":"(anonymous_5)","decl":{"start":{"line":34,"column":2},"end":{"line":34,"column":3}},"loc":{"start":{"line":34,"column":24},"end":{"line":37,"column":3}},"line":34},"6":{"name":"(anonymous_6)","decl":{"start":{"line":39,"column":2},"end":{"line":39,"column":3}},"loc":{"start":{"line":40,"column":2},"end":{"line":41,"column":3}},"line":40},"7":{"name":"(anonymous_7)","decl":{"start":{"line":42,"column":2},"end":{"line":42,"column":3}},"loc":{"start":{"line":43,"column":2},"end":{"line":44,"column":3}},"line":43},"8":{"name":"(anonymous_8)","decl":{"start":{"line":45,"column":2},"end":{"line":45,"column":3}},"loc":{"start":{"line":46,"column":2},"end":{"line":47,"column":3}},"line":46},"9":{"name":"(anonymous_9)","decl":{"start":{"line":48,"column":2},"end":{"line":48,"column":3}},"loc":{"start":{"line":48,"column":11},"end":{"line":50,"column":3}},"line":48},"10":{"name":"(anonymous_10)","decl":{"start":{"line":51,"column":2},"end":{"line":51,"column":3}},"loc":{"start":{"line":51,"column":12},"end":{"line":53,"column":3}},"line":51},"11":{"name":"(anonymous_11)","decl":{"start":{"line":56,"column":2},"end":{"line":56,"column":3}},"loc":{"start":{"line":57,"column":2},"end":{"line":58,"column":3}},"line":57},"12":{"name":"(anonymous_12)","decl":{"start":{"line":64,"column":2},"end":{"line":64,"column":3}},"loc":{"start":{"line":64,"column":49},"end":{"line":69,"column":6}},"line":64},"13":{"name":"(anonymous_13)","decl":{"start":{"line":72,"column":2},"end":{"line":72,"column":3}},"loc":{"start":{"line":72,"column":11},"end":{"line":74,"column":3}},"line":72},"14":{"name":"(anonymous_14)","decl":{"start":{"line":80,"column":2},"end":{"line":80,"column":3}},"loc":{"start":{"line":80,"column":45},"end":{"line":84,"column":5}},"line":80},"15":{"name":"(anonymous_15)","decl":{"start":{"line":86,"column":2},"end":{"line":86,"column":3}},"loc":{"start":{"line":86,"column":11},"end":{"line":88,"column":3}},"line":86},"16":{"name":"(anonymous_16)","decl":{"start":{"line":89,"column":2},"end":{"line":89,"column":3}},"loc":{"start":{"line":89,"column":9},"end":{"line":91,"column":3}},"line":89},"17":{"name":"(anonymous_17)","decl":{"start":{"line":97,"column":2},"end":{"line":97,"column":3}},"loc":{"start":{"line":97,"column":16},"end":{"line":103,"column":5}},"line":97},"18":{"name":"(anonymous_18)","decl":{"start":{"line":104,"column":2},"end":{"line":104,"column":3}},"loc":{"start":{"line":104,"column":11},"end":{"line":106,"column":3}},"line":104},"19":{"name":"(anonymous_19)","decl":{"start":{"line":107,"column":2},"end":{"line":107,"column":3}},"loc":{"start":{"line":108,"column":2},"end":{"line":108,"column":23}},"line":108},"20":{"name":"(anonymous_20)","decl":{"start":{"line":109,"column":2},"end":{"line":109,"column":3}},"loc":{"start":{"line":110,"column":2},"end":{"line":110,"column":40}},"line":110},"21":{"name":"(anonymous_21)","decl":{"start":{"line":111,"column":2},"end":{"line":111,"column":3}},"loc":{"start":{"line":111,"column":18},"end":{"line":113,"column":3}},"line":111},"22":{"name":"(anonymous_22)","decl":{"start":{"line":114,"column":2},"end":{"line":114,"column":3}},"loc":{"start":{"line":114,"column":24},"end":{"line":116,"column":13}},"line":114},"23":{"name":"(anonymous_23)","decl":{"start":{"line":118,"column":2},"end":{"line":118,"column":3}},"loc":{"start":{"line":118,"column":12},"end":{"line":121,"column":14}},"line":118},"24":{"name":"(anonymous_24)","decl":{"start":{"line":123,"column":2},"end":{"line":123,"column":3}},"loc":{"start":{"line":123,"column":24},"end":{"line":126,"column":5}},"line":123},"25":{"name":"(anonymous_25)","decl":{"start":{"line":135,"column":1},"end":{"line":135,"column":2}},"loc":{"start":{"line":136,"column":1},"end":{"line":179,"column":2}},"line":136},"26":{"name":"(anonymous_26)","decl":{"start":{"line":181,"column":1},"end":{"line":181,"column":2}},"loc":{"start":{"line":184,"column":2},"end":{"line":207,"column":5}},"line":184},"27":{"name":"(anonymous_27)","decl":{"start":{"line":191,"column":7},"end":{"line":191,"column":8}},"loc":{"start":{"line":192,"column":10},"end":{"line":202,"column":11}},"line":192},"28":{"name":"(anonymous_28)","decl":{"start":{"line":212,"column":4},"end":{"line":212,"column":5}},"loc":{"start":{"line":213,"column":4},"end":{"line":252,"column":5}},"line":213},"29":{"name":"(anonymous_29)","decl":{"start":{"line":219,"column":9},"end":{"line":219,"column":10}},"loc":{"start":{"line":220,"column":12},"end":{"line":226,"column":13}},"line":220}},"branchMap":{"0":{"loc":{"start":{"line":140,"column":4},"end":{"line":141,"column":13}},"type":"if","locations":[{"start":{"line":140,"column":4},"end":{"line":141,"column":13}},{"start":{},"end":{}}],"line":140},"1":{"loc":{"start":{"line":144,"column":6},"end":{"line":146,"column":5}},"type":"if","locations":[{"start":{"line":144,"column":6},"end":{"line":146,"column":5}},{"start":{},"end":{}}],"line":144},"2":{"loc":{"start":{"line":149,"column":3},"end":{"line":150,"column":12}},"type":"if","locations":[{"start":{"line":149,"column":3},"end":{"line":150,"column":12}},{"start":{},"end":{}}],"line":149},"3":{"loc":{"start":{"line":153,"column":6},"end":{"line":155,"column":7}},"type":"if","locations":[{"start":{"line":153,"column":6},"end":{"line":155,"column":7}},{"start":{},"end":{}}],"line":153},"4":{"loc":{"start":{"line":159,"column":3},"end":{"line":160,"column":12}},"type":"if","locations":[{"start":{"line":159,"column":3},"end":{"line":160,"column":12}},{"start":{},"end":{}}],"line":159},"5":{"loc":{"start":{"line":164,"column":6},"end":{"line":166,"column":7}},"type":"if","locations":[{"start":{"line":164,"column":6},"end":{"line":166,"column":7}},{"start":{},"end":{}}],"line":164},"6":{"loc":{"start":{"line":170,"column":3},"end":{"line":171,"column":12}},"type":"if","locations":[{"start":{"line":170,"column":3},"end":{"line":171,"column":12}},{"start":{},"end":{}}],"line":170},"7":{"loc":{"start":{"line":193,"column":12},"end":{"line":201,"column":21}},"type":"if","locations":[{"start":{"line":193,"column":12},"end":{"line":201,"column":21}},{"start":{},"end":{}}],"line":193},"8":{"loc":{"start":{"line":199,"column":16},"end":{"line":200,"column":38}},"type":"if","locations":[{"start":{"line":199,"column":16},"end":{"line":200,"column":38}},{"start":{},"end":{}}],"line":199},"9":{"loc":{"start":{"line":204,"column":4},"end":{"line":205,"column":18}},"type":"if","locations":[{"start":{"line":204,"column":4},"end":{"line":205,"column":18}},{"start":{},"end":{}}],"line":204},"10":{"loc":{"start":{"line":220,"column":14},"end":{"line":225,"column":56}},"type":"if","locations":[{"start":{"line":220,"column":14},"end":{"line":225,"column":56}},{"start":{"line":224,"column":14},"end":{"line":225,"column":56}}],"line":220},"11":{"loc":{"start":{"line":224,"column":14},"end":{"line":225,"column":56}},"type":"if","locations":[{"start":{"line":224,"column":14},"end":{"line":225,"column":56}},{"start":{},"end":{}}],"line":224},"12":{"loc":{"start":{"line":231,"column":10},"end":{"line":236,"column":49}},"type":"if","locations":[{"start":{"line":231,"column":10},"end":{"line":236,"column":49}},{"start":{"line":235,"column":10},"end":{"line":236,"column":49}}],"line":231},"13":{"loc":{"start":{"line":235,"column":10},"end":{"line":236,"column":49}},"type":"if","locations":[{"start":{"line":235,"column":10},"end":{"line":236,"column":49}},{"start":{},"end":{}}],"line":235},"14":{"loc":{"start":{"line":242,"column":10},"end":{"line":247,"column":49}},"type":"if","locations":[{"start":{"line":242,"column":10},"end":{"line":247,"column":49}},{"start":{"line":246,"column":10},"end":{"line":247,"column":49}}],"line":242},"15":{"loc":{"start":{"line":246,"column":10},"end":{"line":247,"column":49}},"type":"if","locations":[{"start":{"line":246,"column":10},"end":{"line":247,"column":49}},{"start":{},"end":{}}],"line":246}},"s":{"0":194,"1":0,"2":191,"3":191,"4":191,"5":191,"6":191,"7":0,"8":0,"9":189,"10":187,"11":346,"12":0,"13":2,"14":60,"15":2,"16":2,"17":2,"18":3,"19":189,"20":189,"21":189,"22":368,"23":185,"24":3,"25":3,"26":3,"27":3,"28":3,"29":3,"30":3,"31":0,"32":12,"33":3,"34":3,"35":3,"36":3,"37":3,"38":3,"39":3,"40":3,"41":3,"42":3,"43":3,"44":3,"45":3,"46":3,"47":3,"48":3,"49":3,"50":3,"51":3,"52":3,"53":3,"54":3,"55":3,"56":3,"57":3,"58":3,"59":3,"60":3,"61":3,"62":3,"63":3,"64":3,"65":3,"66":3,"67":3,"68":3,"69":3,"70":3,"71":3,"72":3,"73":3,"74":9,"75":9,"76":9,"77":9,"78":9,"79":9,"80":9,"81":27,"82":27,"83":3,"84":3,"85":3,"86":3,"87":3,"88":3,"89":3,"90":3,"91":9,"92":9,"93":9,"94":0,"95":0,"96":0,"97":0,"98":0,"99":0,"100":0,"101":0,"102":0,"103":0,"104":0,"105":0,"106":0,"107":0,"108":0,"109":0,"110":0,"111":0,"112":0,"113":0,"114":0,"115":0,"116":0,"117":0},"f":{"0":194,"1":0,"2":0,"3":191,"4":0,"5":0,"6":189,"7":187,"8":346,"9":0,"10":2,"11":60,"12":2,"13":3,"14":189,"15":368,"16":185,"17":3,"18":3,"19":3,"20":0,"21":12,"22":3,"23":3,"24":3,"25":3,"26":9,"27":27,"28":0,"29":0},"b":{"0":[3,0],"1":[3,0],"2":[3,0],"3":[3,0],"4":[3,0],"5":[3,0],"6":[3,0],"7":[3,24],"8":[3,0],"9":[9,0],"10":[0,0],"11":[0,0],"12":[0,0],"13":[0,0],"14":[0,0],"15":[0,0]},"_coverageSchema":"1a1c01bbd47fc00a2c39e90264f33305004495a9","hash":"f99b218ebf28329cf9e204d16351b2f31be26bb0"}
}
