TN:
SF:clases\BlockChain.js
FN:14,(anonymous_0)
FN:21,(anonymous_1)
FN:31,(anonymous_2)
FN:41,(anonymous_3)
FN:45,(anonymous_4)
FN:50,(anonymous_5)
FN:54,(anonymous_6)
FN:59,(anonymous_7)
FN:62,(anonymous_8)
FN:66,(anonymous_9)
FNF:10
FNH:8
FNDA:39,(anonymous_0)
FNDA:11,(anonymous_1)
FNDA:389,(anonymous_2)
FNDA:1,(anonymous_3)
FNDA:31,(anonymous_4)
FNDA:14,(anonymous_5)
FNDA:14,(anonymous_6)
FNDA:0,(anonymous_7)
FNDA:0,(anonymous_8)
FNDA:30,(anonymous_9)
DA:3,4
DA:15,39
DA:16,39
DA:17,39
DA:22,11
DA:23,11
DA:24,2
DA:26,9
DA:32,389
DA:33,389
DA:34,109
DA:35,109
DA:37,280
DA:38,280
DA:39,389
DA:42,1
DA:46,31
DA:51,14
DA:55,14
DA:62,0
DA:67,30
LF:21
LH:20
BRDA:23,0,0,2
BRDA:23,0,1,9
BRDA:33,1,0,109
BRDA:33,1,1,280
BRF:4
BRH:4
end_of_record
TN:
SF:clases\Bloque.js
FN:9,(anonymous_0)
FN:17,(anonymous_1)
FN:19,(anonymous_2)
FN:22,(anonymous_3)
FN:24,(anonymous_4)
FN:26,(anonymous_5)
FN:29,(anonymous_6)
FN:32,(anonymous_7)
FN:35,(anonymous_8)
FN:38,(anonymous_9)
FN:41,(anonymous_10)
FN:45,(anonymous_11)
FN:49,(anonymous_12)
FN:51,(anonymous_13)
FN:57,(anonymous_14)
FN:63,(anonymous_15)
FNF:16
FNH:15
FNDA:23,(anonymous_0)
FNDA:16,(anonymous_1)
FNDA:16,(anonymous_2)
FNDA:16,(anonymous_3)
FNDA:16,(anonymous_4)
FNDA:184,(anonymous_5)
FNDA:16,(anonymous_6)
FNDA:16,(anonymous_7)
FNDA:16,(anonymous_8)
FNDA:182,(anonymous_9)
FNDA:182,(anonymous_10)
FNDA:182,(anonymous_11)
FNDA:16,(anonymous_12)
FNDA:160,(anonymous_13)
FNDA:0,(anonymous_14)
FNDA:182,(anonymous_15)
DA:10,23
DA:11,23
DA:12,23
DA:13,23
DA:14,23
DA:18,16
DA:20,16
DA:23,16
DA:25,16
DA:27,184
DA:30,16
DA:33,16
DA:36,16
DA:39,182
DA:42,182
DA:46,182
DA:50,16
DA:51,160
DA:52,16
DA:53,16
DA:54,16
DA:58,0
DA:64,182
DA:65,182
LF:24
LH:23
BRF:0
BRH:0
end_of_record
TN:
SF:clases\EstrategiaHashAbstracta.js
FN:4,(anonymous_0)
FN:7,(anonymous_1)
FN:9,(anonymous_2)
FN:11,(anonymous_3)
FN:16,(anonymous_4)
FN:19,(anonymous_5)
FN:27,(anonymous_6)
FN:29,(anonymous_7)
FNF:8
FNH:5
FNDA:389,(anonymous_0)
FNDA:0,(anonymous_1)
FNDA:0,(anonymous_2)
FNDA:0,(anonymous_3)
FNDA:109,(anonymous_4)
FNDA:109,(anonymous_5)
FNDA:280,(anonymous_6)
FNDA:280,(anonymous_7)
DA:5,389
DA:17,109
DA:20,109
DA:21,109
DA:28,280
DA:30,280
DA:31,280
LF:7
LH:7
BRF:0
BRH:0
end_of_record
TN:
SF:clases\Nodo.js
FN:10,(anonymous_0)
FN:16,(anonymous_1)
FN:20,(anonymous_2)
FN:23,(anonymous_3)
FN:26,(anonymous_4)
FN:29,(anonymous_5)
FN:32,(anonymous_6)
FN:35,(anonymous_7)
FN:38,(anonymous_8)
FN:42,(anonymous_9)
FN:49,(anonymous_10)
FN:55,(anonymous_11)
FN:64,(anonymous_12)
FN:68,(anonymous_13)
FN:82,(anonymous_14)
FN:85,(anonymous_15)
FN:89,(anonymous_16)
FN:111,(anonymous_17)
FN:121,(anonymous_18)
FN:130,(anonymous_19)
FN:138,(anonymous_20)
FN:148,(anonymous_21)
FN:150,(anonymous_22)
FN:154,(anonymous_23)
FN:160,(anonymous_24)
FN:166,(anonymous_25)
FN:171,(anonymous_26)
FN:179,(anonymous_27)
FN:183,(anonymous_28)
FN:187,(anonymous_29)
FN:191,(anonymous_30)
FN:197,(anonymous_31)
FN:207,(anonymous_32)
FNF:33
FNH:26
FNDA:12,(anonymous_0)
FNDA:373,(anonymous_1)
FNDA:62,(anonymous_2)
FNDA:0,(anonymous_3)
FNDA:16,(anonymous_4)
FNDA:0,(anonymous_5)
FNDA:18,(anonymous_6)
FNDA:5,(anonymous_7)
FNDA:0,(anonymous_8)
FNDA:2,(anonymous_9)
FNDA:12,(anonymous_10)
FNDA:186,(anonymous_11)
FNDA:2,(anonymous_12)
FNDA:16,(anonymous_13)
FNDA:11,(anonymous_14)
FNDA:16,(anonymous_15)
FNDA:182,(anonymous_16)
FNDA:185,(anonymous_17)
FNDA:0,(anonymous_18)
FNDA:0,(anonymous_19)
FNDA:0,(anonymous_20)
FNDA:16,(anonymous_21)
FNDA:0,(anonymous_22)
FNDA:16,(anonymous_23)
FNDA:16,(anonymous_24)
FNDA:1,(anonymous_25)
FNDA:1,(anonymous_26)
FNDA:60,(anonymous_27)
FNDA:60,(anonymous_28)
FNDA:60,(anonymous_29)
FNDA:60,(anonymous_30)
FNDA:187,(anonymous_31)
FNDA:60,(anonymous_32)
DA:11,12
DA:12,12
DA:13,12
DA:14,12
DA:17,373
DA:21,62
DA:24,0
DA:27,16
DA:30,0
DA:33,18
DA:36,5
DA:39,0
DA:43,2
DA:44,2
DA:45,2
DA:46,2
DA:50,12
DA:51,12
DA:56,186
DA:57,186
DA:58,186
DA:59,186
DA:65,2
DA:69,16
DA:70,14
DA:71,14
DA:72,14
DA:73,3
DA:76,2
DA:83,11
DA:86,16
DA:90,182
DA:91,16
DA:93,16
DA:94,16
DA:95,16
DA:97,16
DA:98,16
DA:99,16
DA:102,16
DA:105,166
DA:106,166
DA:117,185
DA:118,185
DA:123,0
DA:124,0
DA:125,0
DA:127,0
DA:131,0
DA:132,0
DA:139,0
DA:140,0
DA:141,0
DA:144,0
DA:150,16
DA:155,16
DA:161,16
DA:162,16
DA:170,1
DA:171,1
DA:172,1
DA:173,1
DA:176,1
DA:180,60
DA:184,60
DA:188,60
DA:192,60
DA:198,187
DA:199,187
DA:200,187
DA:201,187
DA:202,2244
DA:204,187
DA:208,60
DA:209,60
DA:210,60
DA:211,60
LF:77
LH:64
BRDA:69,0,0,14
BRDA:69,0,1,2
BRDA:72,1,0,3
BRDA:72,1,1,11
BRDA:90,2,0,16
BRDA:90,2,1,166
BRDA:124,3,0,0
BRDA:124,3,1,0
BRDA:131,4,0,0
BRDA:131,4,1,0
BRDA:139,5,0,0
BRDA:139,5,1,0
BRDA:172,6,0,1
BRDA:172,6,1,0
BRF:14
BRH:7
end_of_record
TN:
SF:clases\Transaccion.js
FN:9,(anonymous_0)
FN:13,(anonymous_1)
FN:17,(anonymous_2)
FN:20,(anonymous_3)
FN:23,(anonymous_4)
FN:26,(anonymous_5)
FN:29,(anonymous_6)
FN:32,(anonymous_7)
FN:36,(anonymous_8)
FN:39,(anonymous_9)
FN:44,(anonymous_10)
FN:50,(anonymous_11)
FN:55,(anonymous_12)
FN:61,(anonymous_13)
FN:93,(anonymous_14)
FN:100,(anonymous_15)
FN:106,(anonymous_16)
FN:110,(anonymous_17)
FN:114,(anonymous_18)
FN:119,(anonymous_19)
FN:123,(anonymous_20)
FN:127,(anonymous_21)
FN:131,(anonymous_22)
FN:138,(anonymous_23)
FN:145,(anonymous_24)
FN:150,(anonymous_25)
FN:156,(anonymous_26)
FN:160,(anonymous_27)
FN:163,(anonymous_28)
FN:166,(anonymous_29)
FN:169,(anonymous_30)
FN:172,(anonymous_31)
FN:176,(anonymous_32)
FN:179,(anonymous_33)
FN:188,(anonymous_34)
FN:194,(anonymous_35)
FN:203,(anonymous_36)
FN:208,(anonymous_37)
FN:211,(anonymous_38)
FN:214,(anonymous_39)
FNF:40
FNH:32
FNDA:200,(anonymous_0)
FNDA:0,(anonymous_1)
FNDA:0,(anonymous_2)
FNDA:188,(anonymous_3)
FNDA:2,(anonymous_4)
FNDA:188,(anonymous_5)
FNDA:186,(anonymous_6)
FNDA:564,(anonymous_7)
FNDA:553,(anonymous_8)
FNDA:184,(anonymous_9)
FNDA:182,(anonymous_10)
FNDA:185,(anonymous_11)
FNDA:2,(anonymous_12)
FNDA:185,(anonymous_13)
FNDA:12,(anonymous_14)
FNDA:16,(anonymous_15)
FNDA:10,(anonymous_16)
FNDA:0,(anonymous_17)
FNDA:10,(anonymous_18)
FNDA:0,(anonymous_19)
FNDA:2,(anonymous_20)
FNDA:0,(anonymous_21)
FNDA:1,(anonymous_22)
FNDA:188,(anonymous_23)
FNDA:0,(anonymous_24)
FNDA:0,(anonymous_25)
FNDA:188,(anonymous_26)
FNDA:247,(anonymous_27)
FNDA:245,(anonymous_28)
FNDA:344,(anonymous_29)
FNDA:0,(anonymous_30)
FNDA:2,(anonymous_31)
FNDA:60,(anonymous_32)
FNDA:6,(anonymous_33)
FNDA:2,(anonymous_34)
FNDA:2,(anonymous_35)
FNDA:186,(anonymous_36)
FNDA:183,(anonymous_37)
FNDA:183,(anonymous_38)
FNDA:60,(anonymous_39)
DA:5,3
DA:10,200
DA:14,0
DA:15,0
DA:18,0
DA:21,188
DA:24,2
DA:27,188
DA:30,186
DA:33,564
DA:34,564
DA:37,553
DA:41,184
DA:42,184
DA:46,182
DA:47,182
DA:52,185
DA:53,185
DA:57,2
DA:58,2
DA:68,185
DA:69,185
DA:71,182
DA:72,182
DA:73,182
DA:74,182
DA:75,182
DA:77,3
DA:78,1
DA:79,1
DA:81,2
DA:82,2
DA:83,2
DA:84,2
DA:85,2
DA:86,2
DA:94,12
DA:95,12
DA:96,12
DA:97,12
DA:101,16
DA:102,16
DA:103,10
DA:107,10
DA:111,0
DA:116,10
DA:120,0
DA:124,2
DA:132,1
DA:139,188
DA:140,188
DA:141,188
DA:142,188
DA:143,188
DA:147,0
DA:152,0
DA:153,0
DA:157,188
DA:161,247
DA:164,245
DA:167,344
DA:170,0
DA:173,2
DA:177,60
DA:181,6
DA:189,2
DA:190,2
DA:191,2
DA:195,2
DA:204,186
DA:205,186
DA:206,186
DA:209,183
DA:212,183
DA:215,60
LF:75
LH:66
BRDA:42,0,0,184
BRDA:42,0,1,184
BRDA:42,0,2,184
BRDA:42,0,3,184
BRDA:47,1,0,182
BRDA:47,1,1,182
BRDA:47,1,2,182
BRDA:47,1,3,182
BRDA:53,2,0,185
BRDA:53,2,1,185
BRDA:53,2,2,185
BRDA:58,3,0,2
BRDA:58,3,1,2
BRDA:58,3,2,2
BRDA:58,3,3,2
BRDA:58,3,4,2
BRDA:69,4,0,182
BRDA:69,4,1,3
BRDA:75,5,0,182
BRDA:75,5,1,182
BRDA:75,5,2,182
BRDA:75,5,3,182
BRDA:77,6,0,1
BRDA:77,6,1,2
BRDA:81,7,0,2
BRDA:81,7,1,0
BRDA:86,8,0,2
BRDA:86,8,1,2
BRDA:86,8,2,2
BRDA:86,8,3,2
BRDA:102,9,0,10
BRDA:102,9,1,6
BRF:32
BRH:31
end_of_record
