TN:
SF:funciones.js
FN:9,generateUUID
FN:13,EsUUID
FN:16,EsFormatoId
FN:21,EsFormatoOUT
FN:26,EsFormatoToken
FN:31,CrearOUT
FN:34,CrearToken
FN:37,CrearId
FN:41,CalcularHash
FN:51,GenerarStrAleatorio
FNF:10
FNH:10
FNDA:513,generateUUID
FNDA:559,EsUUID
FNDA:370,EsFormatoId
FNDA:187,EsFormatoOUT
FNDA:2,EsFormatoToken
FNDA:191,CrearOUT
FNDA:2,CrearToken
FNDA:320,CrearId
FNDA:393,CalcularHash
FNDA:189,GenerarStrAleatorio
DA:10,513
DA:11,513
DA:14,559
DA:18,370
DA:19,370
DA:23,187
DA:24,187
DA:28,2
DA:29,2
DA:32,191
DA:35,2
DA:38,320
DA:43,393
DA:44,25
DA:45,25
DA:47,368
DA:48,368
DA:52,189
DA:53,189
DA:54,189
DA:55,189
DA:56,2268
DA:58,189
LF:23
LH:23
BRDA:19,0,0,370
BRDA:19,0,1,370
BRDA:19,0,2,370
BRDA:19,0,3,370
BRDA:24,1,0,187
BRDA:24,1,1,187
BRDA:24,1,2,187
BRDA:29,2,0,2
BRDA:29,2,1,2
BRDA:29,2,2,2
BRDA:29,2,3,2
BRDA:29,2,4,2
BRDA:43,3,0,25
BRDA:43,3,1,368
BRF:14
BRH:14
end_of_record
TN:
SF:clases\BlockChain.js
FN:15,(anonymous_0)
FN:22,(anonymous_1)
FN:32,(anonymous_2)
FN:42,(anonymous_3)
FN:46,(anonymous_4)
FN:51,(anonymous_5)
FN:55,(anonymous_6)
FN:60,(anonymous_7)
FN:63,(anonymous_8)
FN:67,(anonymous_9)
FNF:10
FNH:8
FNDA:25,(anonymous_0)
FNDA:12,(anonymous_1)
FNDA:377,(anonymous_2)
FNDA:1,(anonymous_3)
FNDA:31,(anonymous_4)
FNDA:14,(anonymous_5)
FNDA:14,(anonymous_6)
FNDA:0,(anonymous_7)
FNDA:0,(anonymous_8)
FNDA:30,(anonymous_9)
DA:4,3
DA:16,25
DA:17,25
DA:18,25
DA:23,12
DA:24,12
DA:25,4
DA:27,8
DA:33,377
DA:34,377
DA:35,25
DA:36,25
DA:38,352
DA:39,352
DA:40,377
DA:43,1
DA:47,31
DA:52,14
DA:56,14
DA:63,0
DA:68,30
LF:21
LH:20
BRDA:24,0,0,4
BRDA:24,0,1,8
BRDA:34,1,0,25
BRDA:34,1,1,352
BRF:4
BRH:4
end_of_record
TN:
SF:clases\Bloque.js
FN:8,(anonymous_0)
FN:16,(anonymous_1)
FN:18,(anonymous_2)
FN:21,(anonymous_3)
FN:23,(anonymous_4)
FN:25,(anonymous_5)
FN:28,(anonymous_6)
FN:31,(anonymous_7)
FN:34,(anonymous_8)
FN:37,(anonymous_9)
FN:40,(anonymous_10)
FN:44,(anonymous_11)
FN:48,(anonymous_12)
FN:50,(anonymous_13)
FN:55,(anonymous_14)
FN:60,(anonymous_15)
FN:68,(anonymous_16)
FN:79,(anonymous_17)
FNF:18
FNH:15
FNDA:23,(anonymous_0)
FNDA:16,(anonymous_1)
FNDA:16,(anonymous_2)
FNDA:16,(anonymous_3)
FNDA:16,(anonymous_4)
FNDA:186,(anonymous_5)
FNDA:16,(anonymous_6)
FNDA:16,(anonymous_7)
FNDA:16,(anonymous_8)
FNDA:184,(anonymous_9)
FNDA:184,(anonymous_10)
FNDA:184,(anonymous_11)
FNDA:16,(anonymous_12)
FNDA:160,(anonymous_13)
FNDA:0,(anonymous_14)
FNDA:0,(anonymous_15)
FNDA:184,(anonymous_16)
FNDA:0,(anonymous_17)
DA:9,23
DA:10,23
DA:11,23
DA:12,23
DA:13,23
DA:17,16
DA:19,16
DA:22,16
DA:24,16
DA:26,186
DA:29,16
DA:32,16
DA:35,16
DA:38,184
DA:41,184
DA:45,184
DA:49,16
DA:50,160
DA:51,16
DA:52,16
DA:56,0
DA:62,0
DA:63,0
DA:64,0
DA:69,184
DA:70,184
DA:71,184
DA:72,184
DA:73,0
DA:80,0
LF:30
LH:24
BRDA:72,0,0,0
BRDA:72,0,1,184
BRF:2
BRH:1
end_of_record
TN:
SF:clases\EstrategiaHashAbstracta.js
FN:6,(anonymous_0)
FN:9,(anonymous_1)
FN:11,(anonymous_2)
FN:13,(anonymous_3)
FN:18,(anonymous_4)
FN:22,(anonymous_5)
FN:30,(anonymous_6)
FN:33,(anonymous_7)
FNF:8
FNH:5
FNDA:377,(anonymous_0)
FNDA:0,(anonymous_1)
FNDA:0,(anonymous_2)
FNDA:0,(anonymous_3)
FNDA:25,(anonymous_4)
FNDA:25,(anonymous_5)
FNDA:352,(anonymous_6)
FNDA:352,(anonymous_7)
DA:7,377
DA:19,25
DA:20,25
DA:23,25
DA:24,25
DA:31,352
DA:32,352
DA:34,352
DA:35,352
LF:9
LH:9
BRF:0
BRH:0
end_of_record
TN:
SF:clases\Nodo.js
FN:12,(anonymous_0)
FN:18,(anonymous_1)
FN:22,(anonymous_2)
FN:25,(anonymous_3)
FN:28,(anonymous_4)
FN:31,(anonymous_5)
FN:34,(anonymous_6)
FN:37,(anonymous_7)
FN:40,(anonymous_8)
FN:44,(anonymous_9)
FN:55,(anonymous_10)
FN:64,(anonymous_11)
FN:76,(anonymous_12)
FN:80,(anonymous_13)
FN:95,(anonymous_14)
FN:98,(anonymous_15)
FN:102,(anonymous_16)
FN:125,(anonymous_17)
FN:158,(anonymous_18)
FN:166,(anonymous_19)
FN:174,(anonymous_20)
FN:184,(anonymous_21)
FN:186,(anonymous_22)
FN:190,(anonymous_23)
FN:194,(anonymous_24)
FN:200,(anonymous_25)
FN:206,(anonymous_26)
FNF:27
FNH:20
FNDA:13,(anonymous_0)
FNDA:377,(anonymous_1)
FNDA:62,(anonymous_2)
FNDA:0,(anonymous_3)
FNDA:16,(anonymous_4)
FNDA:0,(anonymous_5)
FNDA:18,(anonymous_6)
FNDA:5,(anonymous_7)
FNDA:0,(anonymous_8)
FNDA:2,(anonymous_9)
FNDA:3,(anonymous_10)
FNDA:189,(anonymous_11)
FNDA:2,(anonymous_12)
FNDA:16,(anonymous_13)
FNDA:12,(anonymous_14)
FNDA:16,(anonymous_15)
FNDA:184,(anonymous_16)
FNDA:189,(anonymous_17)
FNDA:0,(anonymous_18)
FNDA:0,(anonymous_19)
FNDA:0,(anonymous_20)
FNDA:16,(anonymous_21)
FNDA:0,(anonymous_22)
FNDA:16,(anonymous_23)
FNDA:16,(anonymous_24)
FNDA:1,(anonymous_25)
FNDA:1,(anonymous_26)
DA:13,13
DA:14,13
DA:15,13
DA:16,13
DA:19,377
DA:23,62
DA:26,0
DA:29,16
DA:32,0
DA:35,18
DA:38,5
DA:41,0
DA:45,2
DA:46,2
DA:52,2
DA:56,3
DA:57,3
DA:58,3
DA:59,3
DA:60,3
DA:65,189
DA:66,189
DA:71,189
DA:77,2
DA:81,16
DA:82,14
DA:83,14
DA:84,14
DA:85,3
DA:88,2
DA:96,12
DA:99,16
DA:103,184
DA:105,16
DA:107,16
DA:108,16
DA:109,16
DA:111,16
DA:112,16
DA:113,16
DA:116,16
DA:119,168
DA:120,168
DA:131,189
DA:132,189
DA:133,184
DA:134,184
DA:135,184
DA:136,184
DA:137,184
DA:138,184
DA:140,5
DA:141,3
DA:142,3
DA:143,3
DA:144,3
DA:145,3
DA:146,3
DA:148,2
DA:149,2
DA:150,2
DA:151,2
DA:152,2
DA:153,2
DA:154,2
DA:160,0
DA:161,0
DA:163,0
DA:167,0
DA:168,0
DA:175,0
DA:176,0
DA:177,0
DA:180,0
DA:186,16
DA:191,16
DA:195,16
DA:196,16
DA:204,1
DA:205,1
DA:206,1
DA:207,1
DA:208,1
DA:211,1
LF:84
LH:72
BRDA:81,0,0,14
BRDA:81,0,1,2
BRDA:84,1,0,3
BRDA:84,1,1,11
BRDA:103,2,0,16
BRDA:103,2,1,168
BRDA:132,3,0,184
BRDA:132,3,1,5
BRDA:138,4,0,184
BRDA:138,4,1,184
BRDA:138,4,2,184
BRDA:138,4,3,184
BRDA:140,5,0,3
BRDA:140,5,1,2
BRDA:148,6,0,2
BRDA:148,6,1,0
BRDA:154,7,0,2
BRDA:154,7,1,2
BRDA:154,7,2,2
BRDA:154,7,3,2
BRDA:160,8,0,0
BRDA:160,8,1,0
BRDA:167,9,0,0
BRDA:167,9,1,0
BRDA:175,10,0,0
BRDA:175,10,1,0
BRDA:207,11,0,1
BRDA:207,11,1,0
BRF:28
BRH:20
end_of_record
TN:
SF:clases\TransaccionAbstracta.js
FN:7,(anonymous_0)
FN:11,(anonymous_1)
FN:14,(anonymous_2)
FN:22,(anonymous_3)
FN:29,(anonymous_4)
FN:34,(anonymous_5)
FN:39,(anonymous_6)
FN:42,(anonymous_7)
FN:45,(anonymous_8)
FN:48,(anonymous_9)
FN:51,(anonymous_10)
FN:56,(anonymous_11)
FN:64,(anonymous_12)
FN:72,(anonymous_13)
FN:80,(anonymous_14)
FN:86,(anonymous_15)
FN:89,(anonymous_16)
FN:97,(anonymous_17)
FN:104,(anonymous_18)
FN:107,(anonymous_19)
FN:109,(anonymous_20)
FN:111,(anonymous_21)
FN:114,(anonymous_22)
FN:118,(anonymous_23)
FN:123,(anonymous_24)
FN:135,(anonymous_25)
FN:181,(anonymous_26)
FN:191,(anonymous_27)
FN:212,(anonymous_28)
FN:219,(anonymous_29)
FNF:30
FNH:22
FNDA:194,(anonymous_0)
FNDA:0,(anonymous_1)
FNDA:0,(anonymous_2)
FNDA:191,(anonymous_3)
FNDA:0,(anonymous_4)
FNDA:0,(anonymous_5)
FNDA:189,(anonymous_6)
FNDA:187,(anonymous_7)
FNDA:346,(anonymous_8)
FNDA:0,(anonymous_9)
FNDA:2,(anonymous_10)
FNDA:60,(anonymous_11)
FNDA:2,(anonymous_12)
FNDA:3,(anonymous_13)
FNDA:189,(anonymous_14)
FNDA:368,(anonymous_15)
FNDA:185,(anonymous_16)
FNDA:3,(anonymous_17)
FNDA:3,(anonymous_18)
FNDA:3,(anonymous_19)
FNDA:0,(anonymous_20)
FNDA:12,(anonymous_21)
FNDA:3,(anonymous_22)
FNDA:3,(anonymous_23)
FNDA:3,(anonymous_24)
FNDA:3,(anonymous_25)
FNDA:9,(anonymous_26)
FNDA:27,(anonymous_27)
FNDA:0,(anonymous_28)
FNDA:0,(anonymous_29)
DA:8,194
DA:15,0
DA:23,191
DA:24,191
DA:25,191
DA:26,191
DA:27,191
DA:31,0
DA:36,0
DA:40,189
DA:43,187
DA:46,346
DA:49,0
DA:52,2
DA:57,60
DA:66,2
DA:67,2
DA:68,2
DA:73,3
DA:81,189
DA:82,189
DA:83,189
DA:87,368
DA:90,185
DA:98,3
DA:99,3
DA:100,3
DA:101,3
DA:102,3
DA:105,3
DA:108,3
DA:110,0
DA:112,12
DA:115,3
DA:119,3
DA:120,3
DA:124,3
DA:125,3
DA:136,3
DA:137,3
DA:138,3
DA:139,3
DA:140,3
DA:141,3
DA:142,3
DA:143,3
DA:144,3
DA:145,3
DA:147,3
DA:149,3
DA:150,3
DA:151,3
DA:152,3
DA:153,3
DA:154,3
DA:156,3
DA:159,3
DA:160,3
DA:161,3
DA:162,3
DA:163,3
DA:164,3
DA:165,3
DA:167,3
DA:170,3
DA:171,3
DA:172,3
DA:173,3
DA:174,3
DA:177,3
DA:184,9
DA:185,9
DA:186,9
DA:187,9
DA:188,9
DA:189,9
DA:190,9
DA:192,27
DA:193,27
DA:194,3
DA:195,3
DA:196,3
DA:197,3
DA:198,3
DA:199,3
DA:200,3
DA:201,3
DA:204,9
DA:205,9
DA:206,9
DA:213,0
DA:214,0
DA:215,0
DA:216,0
DA:217,0
DA:218,0
DA:220,0
DA:221,0
DA:222,0
DA:224,0
DA:225,0
DA:229,0
DA:230,0
DA:231,0
DA:232,0
DA:235,0
DA:236,0
DA:240,0
DA:241,0
DA:242,0
DA:246,0
DA:247,0
LF:112
LH:85
BRDA:140,0,0,3
BRDA:140,0,1,0
BRDA:144,1,0,3
BRDA:144,1,1,0
BRDA:149,2,0,3
BRDA:149,2,1,0
BRDA:153,3,0,3
BRDA:153,3,1,0
BRDA:159,4,0,3
BRDA:159,4,1,0
BRDA:164,5,0,3
BRDA:164,5,1,0
BRDA:170,6,0,3
BRDA:170,6,1,0
BRDA:193,7,0,3
BRDA:193,7,1,24
BRDA:199,8,0,3
BRDA:199,8,1,0
BRDA:204,9,0,9
BRDA:204,9,1,0
BRDA:220,10,0,0
BRDA:220,10,1,0
BRDA:224,11,0,0
BRDA:224,11,1,0
BRDA:231,12,0,0
BRDA:231,12,1,0
BRDA:235,13,0,0
BRDA:235,13,1,0
BRDA:242,14,0,0
BRDA:242,14,1,0
BRDA:246,15,0,0
BRDA:246,15,1,0
BRF:32
BRH:11
end_of_record
